<?xml version="1.0" encoding="UTF-8"?>
<testng-results skipped="0" failed="0" total="65" passed="65">
  <reporter-output>
  </reporter-output>
  <suite name="SingleStore" duration-ms="44804" started-at="2023-07-05T10:11:51Z" finished-at="2023-07-05T10:12:36Z">
    <groups>
      <group name="RUN11">
        <method signature="CCIRuntimeWriter.write(org.testng.ITestContext)[pri:0, instance:com.informatica.cci.direct.CCIRuntimeWriter@1187c9e8]" name="write" class="com.informatica.cci.direct.CCIRuntimeWriter"/>
        <method signature="CCIRuntimeWriter.write(org.testng.ITestContext)[pri:0, instance:com.informatica.cci.direct.CCIRuntimeWriter@45ac5f9b]" name="write" class="com.informatica.cci.direct.CCIRuntimeWriter"/>
        <method signature="CCIRuntimeWriter.write(org.testng.ITestContext)[pri:0, instance:com.informatica.cci.direct.CCIRuntimeWriter@2a3888c1]" name="write" class="com.informatica.cci.direct.CCIRuntimeWriter"/>
        <method signature="CCIRuntimeWriter.write(org.testng.ITestContext)[pri:0, instance:com.informatica.cci.direct.CCIRuntimeWriter@5b3f61ff]" name="write" class="com.informatica.cci.direct.CCIRuntimeWriter"/>
        <method signature="CCIRuntimeWriter.write(org.testng.ITestContext)[pri:0, instance:com.informatica.cci.direct.CCIRuntimeWriter@12a94400]" name="write" class="com.informatica.cci.direct.CCIRuntimeWriter"/>
        <method signature="CCIRuntimeWriter.write(org.testng.ITestContext)[pri:0, instance:com.informatica.cci.direct.CCIRuntimeWriter@5495333e]" name="write" class="com.informatica.cci.direct.CCIRuntimeWriter"/>
        <method signature="CCIRuntimeWriter.write(org.testng.ITestContext)[pri:0, instance:com.informatica.cci.direct.CCIRuntimeWriter@67b9b51a]" name="write" class="com.informatica.cci.direct.CCIRuntimeWriter"/>
        <method signature="CCIRuntimeWriter.write(org.testng.ITestContext)[pri:0, instance:com.informatica.cci.direct.CCIRuntimeWriter@1d483de4]" name="write" class="com.informatica.cci.direct.CCIRuntimeWriter"/>
        <method signature="CCIRuntimeWriter.write(org.testng.ITestContext)[pri:0, instance:com.informatica.cci.direct.CCIRuntimeWriter@b83a9be]" name="write" class="com.informatica.cci.direct.CCIRuntimeWriter"/>
        <method signature="CCIRuntimeWriter.write(org.testng.ITestContext)[pri:0, instance:com.informatica.cci.direct.CCIRuntimeWriter@1ae8bcbc]" name="write" class="com.informatica.cci.direct.CCIRuntimeWriter"/>
        <method signature="CCIRuntimeWriter.write(org.testng.ITestContext)[pri:0, instance:com.informatica.cci.direct.CCIRuntimeWriter@1f75a668]" name="write" class="com.informatica.cci.direct.CCIRuntimeWriter"/>
        <method signature="CCIRuntimeWriter.write(org.testng.ITestContext)[pri:0, instance:com.informatica.cci.direct.CCIRuntimeWriter@4e31276e]" name="write" class="com.informatica.cci.direct.CCIRuntimeWriter"/>
        <method signature="CCIRuntimeWriter.write(org.testng.ITestContext)[pri:0, instance:com.informatica.cci.direct.CCIRuntimeWriter@2931522b]" name="write" class="com.informatica.cci.direct.CCIRuntimeWriter"/>
        <method signature="CCIRuntimeWriter.write(org.testng.ITestContext)[pri:0, instance:com.informatica.cci.direct.CCIRuntimeWriter@6cb6decd]" name="write" class="com.informatica.cci.direct.CCIRuntimeWriter"/>
        <method signature="CCIRuntimeWriter.write(org.testng.ITestContext)[pri:0, instance:com.informatica.cci.direct.CCIRuntimeWriter@2474f125]" name="write" class="com.informatica.cci.direct.CCIRuntimeWriter"/>
        <method signature="CCIRuntimeWriter.write(org.testng.ITestContext)[pri:0, instance:com.informatica.cci.direct.CCIRuntimeWriter@45d2ade3]" name="write" class="com.informatica.cci.direct.CCIRuntimeWriter"/>
        <method signature="CCIRuntimeWriter.write(org.testng.ITestContext)[pri:0, instance:com.informatica.cci.direct.CCIRuntimeWriter@1bae316d]" name="write" class="com.informatica.cci.direct.CCIRuntimeWriter"/>
        <method signature="CCIRuntimeWriter.write(org.testng.ITestContext)[pri:0, instance:com.informatica.cci.direct.CCIRuntimeWriter@11f0a5a1]" name="write" class="com.informatica.cci.direct.CCIRuntimeWriter"/>
        <method signature="CCIRuntimeWriter.write(org.testng.ITestContext)[pri:0, instance:com.informatica.cci.direct.CCIRuntimeWriter@732d0d24]" name="write" class="com.informatica.cci.direct.CCIRuntimeWriter"/>
        <method signature="CCIRuntimeWriter.write(org.testng.ITestContext)[pri:0, instance:com.informatica.cci.direct.CCIRuntimeWriter@13d4992d]" name="write" class="com.informatica.cci.direct.CCIRuntimeWriter"/>
        <method signature="CCIRuntimeWriter.write(org.testng.ITestContext)[pri:0, instance:com.informatica.cci.direct.CCIRuntimeWriter@6057aebb]" name="write" class="com.informatica.cci.direct.CCIRuntimeWriter"/>
        <method signature="CCIRuntimeWriter.write(org.testng.ITestContext)[pri:0, instance:com.informatica.cci.direct.CCIRuntimeWriter@282cb7c7]" name="write" class="com.informatica.cci.direct.CCIRuntimeWriter"/>
        <method signature="CCIRuntimeWriter.write(org.testng.ITestContext)[pri:0, instance:com.informatica.cci.direct.CCIRuntimeWriter@176b75f7]" name="write" class="com.informatica.cci.direct.CCIRuntimeWriter"/>
        <method signature="CCIRuntimeWriter.write(org.testng.ITestContext)[pri:0, instance:com.informatica.cci.direct.CCIRuntimeWriter@48793bef]" name="write" class="com.informatica.cci.direct.CCIRuntimeWriter"/>
        <method signature="CCIRuntimeWriter.write(org.testng.ITestContext)[pri:0, instance:com.informatica.cci.direct.CCIRuntimeWriter@60b4beb4]" name="write" class="com.informatica.cci.direct.CCIRuntimeWriter"/>
        <method signature="CCIRuntimeWriter.write(org.testng.ITestContext)[pri:0, instance:com.informatica.cci.direct.CCIRuntimeWriter@573906eb]" name="write" class="com.informatica.cci.direct.CCIRuntimeWriter"/>
        <method signature="CCIRuntimeWriter.write(org.testng.ITestContext)[pri:0, instance:com.informatica.cci.direct.CCIRuntimeWriter@d278d2b]" name="write" class="com.informatica.cci.direct.CCIRuntimeWriter"/>
        <method signature="CCIRuntimeWriter.write(org.testng.ITestContext)[pri:0, instance:com.informatica.cci.direct.CCIRuntimeWriter@6e005dc9]" name="write" class="com.informatica.cci.direct.CCIRuntimeWriter"/>
        <method signature="CCIRuntimeWriter.write(org.testng.ITestContext)[pri:0, instance:com.informatica.cci.direct.CCIRuntimeWriter@609db546]" name="write" class="com.informatica.cci.direct.CCIRuntimeWriter"/>
        <method signature="CCIRuntimeWriter.write(org.testng.ITestContext)[pri:0, instance:com.informatica.cci.direct.CCIRuntimeWriter@59cba5a]" name="write" class="com.informatica.cci.direct.CCIRuntimeWriter"/>
        <method signature="CCIRuntimeWriter.write(org.testng.ITestContext)[pri:0, instance:com.informatica.cci.direct.CCIRuntimeWriter@20c0a64d]" name="write" class="com.informatica.cci.direct.CCIRuntimeWriter"/>
        <method signature="CCIRuntimeWriter.write(org.testng.ITestContext)[pri:0, instance:com.informatica.cci.direct.CCIRuntimeWriter@1115ec15]" name="write" class="com.informatica.cci.direct.CCIRuntimeWriter"/>
        <method signature="CCIRuntimeWriter.write(org.testng.ITestContext)[pri:0, instance:com.informatica.cci.direct.CCIRuntimeWriter@37e4d7bb]" name="write" class="com.informatica.cci.direct.CCIRuntimeWriter"/>
        <method signature="CCIRuntimeWriter.write(org.testng.ITestContext)[pri:0, instance:com.informatica.cci.direct.CCIRuntimeWriter@2d778add]" name="write" class="com.informatica.cci.direct.CCIRuntimeWriter"/>
        <method signature="CCIRuntimeWriter.write(org.testng.ITestContext)[pri:0, instance:com.informatica.cci.direct.CCIRuntimeWriter@4b213651]" name="write" class="com.informatica.cci.direct.CCIRuntimeWriter"/>
        <method signature="CCIRuntimeWriter.write(org.testng.ITestContext)[pri:0, instance:com.informatica.cci.direct.CCIRuntimeWriter@1e44b638]" name="write" class="com.informatica.cci.direct.CCIRuntimeWriter"/>
        <method signature="CCIRuntimeWriter.write(org.testng.ITestContext)[pri:0, instance:com.informatica.cci.direct.CCIRuntimeWriter@69f1a286]" name="write" class="com.informatica.cci.direct.CCIRuntimeWriter"/>
        <method signature="CCIRuntimeWriter.write(org.testng.ITestContext)[pri:0, instance:com.informatica.cci.direct.CCIRuntimeWriter@51549490]" name="write" class="com.informatica.cci.direct.CCIRuntimeWriter"/>
        <method signature="CCIRuntimeWriter.write(org.testng.ITestContext)[pri:0, instance:com.informatica.cci.direct.CCIRuntimeWriter@5a3bc7ed]" name="write" class="com.informatica.cci.direct.CCIRuntimeWriter"/>
        <method signature="CCIRuntimeWriter.write(org.testng.ITestContext)[pri:0, instance:com.informatica.cci.direct.CCIRuntimeWriter@5ddcc487]" name="write" class="com.informatica.cci.direct.CCIRuntimeWriter"/>
        <method signature="CCIRuntimeWriter.write(org.testng.ITestContext)[pri:0, instance:com.informatica.cci.direct.CCIRuntimeWriter@3697186]" name="write" class="com.informatica.cci.direct.CCIRuntimeWriter"/>
        <method signature="CCIRuntimeWriter.write(org.testng.ITestContext)[pri:0, instance:com.informatica.cci.direct.CCIRuntimeWriter@1984b1f]" name="write" class="com.informatica.cci.direct.CCIRuntimeWriter"/>
        <method signature="CCIRuntimeWriter.write(org.testng.ITestContext)[pri:0, instance:com.informatica.cci.direct.CCIRuntimeWriter@65b104b9]" name="write" class="com.informatica.cci.direct.CCIRuntimeWriter"/>
        <method signature="CCIRuntimeWriter.write(org.testng.ITestContext)[pri:0, instance:com.informatica.cci.direct.CCIRuntimeWriter@2421cc4]" name="write" class="com.informatica.cci.direct.CCIRuntimeWriter"/>
      </group> <!-- RUN11 -->
      <group name="RUN10">
        <method signature="CCIRuntimeWriter.write(org.testng.ITestContext)[pri:0, instance:com.informatica.cci.direct.CCIRuntimeWriter@1187c9e8]" name="write" class="com.informatica.cci.direct.CCIRuntimeWriter"/>
        <method signature="CCIRuntimeWriter.write(org.testng.ITestContext)[pri:0, instance:com.informatica.cci.direct.CCIRuntimeWriter@45ac5f9b]" name="write" class="com.informatica.cci.direct.CCIRuntimeWriter"/>
        <method signature="CCIRuntimeWriter.write(org.testng.ITestContext)[pri:0, instance:com.informatica.cci.direct.CCIRuntimeWriter@2a3888c1]" name="write" class="com.informatica.cci.direct.CCIRuntimeWriter"/>
        <method signature="CCIRuntimeWriter.write(org.testng.ITestContext)[pri:0, instance:com.informatica.cci.direct.CCIRuntimeWriter@5b3f61ff]" name="write" class="com.informatica.cci.direct.CCIRuntimeWriter"/>
        <method signature="CCIRuntimeWriter.write(org.testng.ITestContext)[pri:0, instance:com.informatica.cci.direct.CCIRuntimeWriter@12a94400]" name="write" class="com.informatica.cci.direct.CCIRuntimeWriter"/>
        <method signature="CCIRuntimeWriter.write(org.testng.ITestContext)[pri:0, instance:com.informatica.cci.direct.CCIRuntimeWriter@5495333e]" name="write" class="com.informatica.cci.direct.CCIRuntimeWriter"/>
        <method signature="CCIRuntimeWriter.write(org.testng.ITestContext)[pri:0, instance:com.informatica.cci.direct.CCIRuntimeWriter@67b9b51a]" name="write" class="com.informatica.cci.direct.CCIRuntimeWriter"/>
        <method signature="CCIRuntimeWriter.write(org.testng.ITestContext)[pri:0, instance:com.informatica.cci.direct.CCIRuntimeWriter@1d483de4]" name="write" class="com.informatica.cci.direct.CCIRuntimeWriter"/>
        <method signature="CCIRuntimeWriter.write(org.testng.ITestContext)[pri:0, instance:com.informatica.cci.direct.CCIRuntimeWriter@b83a9be]" name="write" class="com.informatica.cci.direct.CCIRuntimeWriter"/>
        <method signature="CCIRuntimeWriter.write(org.testng.ITestContext)[pri:0, instance:com.informatica.cci.direct.CCIRuntimeWriter@1ae8bcbc]" name="write" class="com.informatica.cci.direct.CCIRuntimeWriter"/>
        <method signature="CCIRuntimeWriter.write(org.testng.ITestContext)[pri:0, instance:com.informatica.cci.direct.CCIRuntimeWriter@1f75a668]" name="write" class="com.informatica.cci.direct.CCIRuntimeWriter"/>
        <method signature="CCIRuntimeWriter.write(org.testng.ITestContext)[pri:0, instance:com.informatica.cci.direct.CCIRuntimeWriter@4e31276e]" name="write" class="com.informatica.cci.direct.CCIRuntimeWriter"/>
        <method signature="CCIRuntimeWriter.write(org.testng.ITestContext)[pri:0, instance:com.informatica.cci.direct.CCIRuntimeWriter@2931522b]" name="write" class="com.informatica.cci.direct.CCIRuntimeWriter"/>
        <method signature="CCIRuntimeWriter.write(org.testng.ITestContext)[pri:0, instance:com.informatica.cci.direct.CCIRuntimeWriter@6cb6decd]" name="write" class="com.informatica.cci.direct.CCIRuntimeWriter"/>
        <method signature="CCIRuntimeWriter.write(org.testng.ITestContext)[pri:0, instance:com.informatica.cci.direct.CCIRuntimeWriter@2474f125]" name="write" class="com.informatica.cci.direct.CCIRuntimeWriter"/>
        <method signature="CCIRuntimeWriter.write(org.testng.ITestContext)[pri:0, instance:com.informatica.cci.direct.CCIRuntimeWriter@45d2ade3]" name="write" class="com.informatica.cci.direct.CCIRuntimeWriter"/>
        <method signature="CCIRuntimeWriter.write(org.testng.ITestContext)[pri:0, instance:com.informatica.cci.direct.CCIRuntimeWriter@1bae316d]" name="write" class="com.informatica.cci.direct.CCIRuntimeWriter"/>
        <method signature="CCIRuntimeWriter.write(org.testng.ITestContext)[pri:0, instance:com.informatica.cci.direct.CCIRuntimeWriter@11f0a5a1]" name="write" class="com.informatica.cci.direct.CCIRuntimeWriter"/>
        <method signature="CCIRuntimeWriter.write(org.testng.ITestContext)[pri:0, instance:com.informatica.cci.direct.CCIRuntimeWriter@732d0d24]" name="write" class="com.informatica.cci.direct.CCIRuntimeWriter"/>
        <method signature="CCIRuntimeWriter.write(org.testng.ITestContext)[pri:0, instance:com.informatica.cci.direct.CCIRuntimeWriter@13d4992d]" name="write" class="com.informatica.cci.direct.CCIRuntimeWriter"/>
        <method signature="CCIRuntimeWriter.write(org.testng.ITestContext)[pri:0, instance:com.informatica.cci.direct.CCIRuntimeWriter@6057aebb]" name="write" class="com.informatica.cci.direct.CCIRuntimeWriter"/>
        <method signature="CCIRuntimeWriter.write(org.testng.ITestContext)[pri:0, instance:com.informatica.cci.direct.CCIRuntimeWriter@282cb7c7]" name="write" class="com.informatica.cci.direct.CCIRuntimeWriter"/>
        <method signature="CCIRuntimeWriter.write(org.testng.ITestContext)[pri:0, instance:com.informatica.cci.direct.CCIRuntimeWriter@176b75f7]" name="write" class="com.informatica.cci.direct.CCIRuntimeWriter"/>
        <method signature="CCIRuntimeWriter.write(org.testng.ITestContext)[pri:0, instance:com.informatica.cci.direct.CCIRuntimeWriter@48793bef]" name="write" class="com.informatica.cci.direct.CCIRuntimeWriter"/>
        <method signature="CCIRuntimeWriter.write(org.testng.ITestContext)[pri:0, instance:com.informatica.cci.direct.CCIRuntimeWriter@60b4beb4]" name="write" class="com.informatica.cci.direct.CCIRuntimeWriter"/>
        <method signature="CCIRuntimeWriter.write(org.testng.ITestContext)[pri:0, instance:com.informatica.cci.direct.CCIRuntimeWriter@573906eb]" name="write" class="com.informatica.cci.direct.CCIRuntimeWriter"/>
        <method signature="CCIRuntimeWriter.write(org.testng.ITestContext)[pri:0, instance:com.informatica.cci.direct.CCIRuntimeWriter@d278d2b]" name="write" class="com.informatica.cci.direct.CCIRuntimeWriter"/>
        <method signature="CCIRuntimeWriter.write(org.testng.ITestContext)[pri:0, instance:com.informatica.cci.direct.CCIRuntimeWriter@6e005dc9]" name="write" class="com.informatica.cci.direct.CCIRuntimeWriter"/>
        <method signature="CCIRuntimeWriter.write(org.testng.ITestContext)[pri:0, instance:com.informatica.cci.direct.CCIRuntimeWriter@609db546]" name="write" class="com.informatica.cci.direct.CCIRuntimeWriter"/>
        <method signature="CCIRuntimeWriter.write(org.testng.ITestContext)[pri:0, instance:com.informatica.cci.direct.CCIRuntimeWriter@59cba5a]" name="write" class="com.informatica.cci.direct.CCIRuntimeWriter"/>
        <method signature="CCIRuntimeWriter.write(org.testng.ITestContext)[pri:0, instance:com.informatica.cci.direct.CCIRuntimeWriter@20c0a64d]" name="write" class="com.informatica.cci.direct.CCIRuntimeWriter"/>
        <method signature="CCIRuntimeWriter.write(org.testng.ITestContext)[pri:0, instance:com.informatica.cci.direct.CCIRuntimeWriter@1115ec15]" name="write" class="com.informatica.cci.direct.CCIRuntimeWriter"/>
        <method signature="CCIRuntimeWriter.write(org.testng.ITestContext)[pri:0, instance:com.informatica.cci.direct.CCIRuntimeWriter@37e4d7bb]" name="write" class="com.informatica.cci.direct.CCIRuntimeWriter"/>
        <method signature="CCIRuntimeWriter.write(org.testng.ITestContext)[pri:0, instance:com.informatica.cci.direct.CCIRuntimeWriter@2d778add]" name="write" class="com.informatica.cci.direct.CCIRuntimeWriter"/>
        <method signature="CCIRuntimeWriter.write(org.testng.ITestContext)[pri:0, instance:com.informatica.cci.direct.CCIRuntimeWriter@4b213651]" name="write" class="com.informatica.cci.direct.CCIRuntimeWriter"/>
        <method signature="CCIRuntimeWriter.write(org.testng.ITestContext)[pri:0, instance:com.informatica.cci.direct.CCIRuntimeWriter@1e44b638]" name="write" class="com.informatica.cci.direct.CCIRuntimeWriter"/>
        <method signature="CCIRuntimeWriter.write(org.testng.ITestContext)[pri:0, instance:com.informatica.cci.direct.CCIRuntimeWriter@69f1a286]" name="write" class="com.informatica.cci.direct.CCIRuntimeWriter"/>
        <method signature="CCIRuntimeWriter.write(org.testng.ITestContext)[pri:0, instance:com.informatica.cci.direct.CCIRuntimeWriter@51549490]" name="write" class="com.informatica.cci.direct.CCIRuntimeWriter"/>
        <method signature="CCIRuntimeWriter.write(org.testng.ITestContext)[pri:0, instance:com.informatica.cci.direct.CCIRuntimeWriter@5a3bc7ed]" name="write" class="com.informatica.cci.direct.CCIRuntimeWriter"/>
        <method signature="CCIRuntimeWriter.write(org.testng.ITestContext)[pri:0, instance:com.informatica.cci.direct.CCIRuntimeWriter@5ddcc487]" name="write" class="com.informatica.cci.direct.CCIRuntimeWriter"/>
        <method signature="CCIRuntimeWriter.write(org.testng.ITestContext)[pri:0, instance:com.informatica.cci.direct.CCIRuntimeWriter@3697186]" name="write" class="com.informatica.cci.direct.CCIRuntimeWriter"/>
        <method signature="CCIRuntimeWriter.write(org.testng.ITestContext)[pri:0, instance:com.informatica.cci.direct.CCIRuntimeWriter@1984b1f]" name="write" class="com.informatica.cci.direct.CCIRuntimeWriter"/>
        <method signature="CCIRuntimeWriter.write(org.testng.ITestContext)[pri:0, instance:com.informatica.cci.direct.CCIRuntimeWriter@65b104b9]" name="write" class="com.informatica.cci.direct.CCIRuntimeWriter"/>
        <method signature="CCIRuntimeWriter.write(org.testng.ITestContext)[pri:0, instance:com.informatica.cci.direct.CCIRuntimeWriter@2421cc4]" name="write" class="com.informatica.cci.direct.CCIRuntimeWriter"/>
      </group> <!-- RUN10 -->
      <group name="UNIT">
        <method signature="CCITestConnection.testConnection(org.testng.ITestContext)[pri:0, instance:com.informatica.cci.direct.CCITestConnection@3e2055d6]" name="testConnection" class="com.informatica.cci.direct.CCITestConnection"/>
        <method signature="CCIMetadataRecordInformation.getMetadata(org.testng.ITestContext)[pri:0, instance:com.informatica.cci.direct.CCIMetadataRecordInformation@4ef74c30]" name="getMetadata" class="com.informatica.cci.direct.CCIMetadataRecordInformation"/>
        <method signature="CCIMetadataRecordDetail.getMetadata(org.testng.ITestContext)[pri:0, instance:com.informatica.cci.direct.CCIMetadataRecordDetail@21d03963]" name="getMetadata" class="com.informatica.cci.direct.CCIMetadataRecordDetail"/>
        <method signature="CCIMetadataSearch.getMetadata(org.testng.ITestContext)[pri:0, instance:com.informatica.cci.direct.CCIMetadataSearch@3576ddc2]" name="getMetadata" class="com.informatica.cci.direct.CCIMetadataSearch"/>
        <method signature="CCIMetadataSearch.getMetadata(org.testng.ITestContext)[pri:0, instance:com.informatica.cci.direct.CCIMetadataSearch@2ca26d77]" name="getMetadata" class="com.informatica.cci.direct.CCIMetadataSearch"/>
        <method signature="CCIMetadataSearch.getMetadata(org.testng.ITestContext)[pri:0, instance:com.informatica.cci.direct.CCIMetadataSearch@1787f2a0]" name="getMetadata" class="com.informatica.cci.direct.CCIMetadataSearch"/>
        <method signature="CCIMetadataSearch.getMetadata(org.testng.ITestContext)[pri:0, instance:com.informatica.cci.direct.CCIMetadataSearch@13d9cbf5]" name="getMetadata" class="com.informatica.cci.direct.CCIMetadataSearch"/>
        <method signature="CCIMetadataSearch.getMetadata(org.testng.ITestContext)[pri:0, instance:com.informatica.cci.direct.CCIMetadataSearch@2462cb01]" name="getMetadata" class="com.informatica.cci.direct.CCIMetadataSearch"/>
        <method signature="CCIMetadataSearch.getMetadata(org.testng.ITestContext)[pri:0, instance:com.informatica.cci.direct.CCIMetadataSearch@452e19ca]" name="getMetadata" class="com.informatica.cci.direct.CCIMetadataSearch"/>
        <method signature="CCIRuntimeReaderAllExpr.read(org.testng.ITestContext)[pri:0, instance:com.informatica.cci.direct.CCIRuntimeReaderAllExpr@dc9876b]" name="read" class="com.informatica.cci.direct.CCIRuntimeReaderAllExpr"/>
        <method signature="CCIRuntimeReaderAllExpr.read(org.testng.ITestContext)[pri:0, instance:com.informatica.cci.direct.CCIRuntimeReaderAllExpr@4bc222e]" name="read" class="com.informatica.cci.direct.CCIRuntimeReaderAllExpr"/>
        <method signature="CCIRuntimeReaderAllExpr.read(org.testng.ITestContext)[pri:0, instance:com.informatica.cci.direct.CCIRuntimeReaderAllExpr@102cec62]" name="read" class="com.informatica.cci.direct.CCIRuntimeReaderAllExpr"/>
        <method signature="CCIRuntimeReaderAllExpr.read(org.testng.ITestContext)[pri:0, instance:com.informatica.cci.direct.CCIRuntimeReaderAllExpr@30b6ffe0]" name="read" class="com.informatica.cci.direct.CCIRuntimeReaderAllExpr"/>
        <method signature="CCIRuntimeReaderAllExpr.read(org.testng.ITestContext)[pri:0, instance:com.informatica.cci.direct.CCIRuntimeReaderAllExpr@cd1e646]" name="read" class="com.informatica.cci.direct.CCIRuntimeReaderAllExpr"/>
        <method signature="CCIRuntimeReaderAllExpr.read(org.testng.ITestContext)[pri:0, instance:com.informatica.cci.direct.CCIRuntimeReaderAllExpr@26adfd2d]" name="read" class="com.informatica.cci.direct.CCIRuntimeReaderAllExpr"/>
        <method signature="CCIRuntimeReaderAllExpr.read(org.testng.ITestContext)[pri:0, instance:com.informatica.cci.direct.CCIRuntimeReaderAllExpr@2663e964]" name="read" class="com.informatica.cci.direct.CCIRuntimeReaderAllExpr"/>
        <method signature="CCIRuntimeReaderAllExpr.read(org.testng.ITestContext)[pri:0, instance:com.informatica.cci.direct.CCIRuntimeReaderAllExpr@2205a05d]" name="read" class="com.informatica.cci.direct.CCIRuntimeReaderAllExpr"/>
        <method signature="CCIRuntimeReaderAllExpr.read(org.testng.ITestContext)[pri:0, instance:com.informatica.cci.direct.CCIRuntimeReaderAllExpr@239105a8]" name="read" class="com.informatica.cci.direct.CCIRuntimeReaderAllExpr"/>
        <method signature="CCIRuntimeReaderAllExpr.read(org.testng.ITestContext)[pri:0, instance:com.informatica.cci.direct.CCIRuntimeReaderAllExpr@7b993c65]" name="read" class="com.informatica.cci.direct.CCIRuntimeReaderAllExpr"/>
        <method signature="CCIRuntimeReaderAllExpr.read(org.testng.ITestContext)[pri:0, instance:com.informatica.cci.direct.CCIRuntimeReaderAllExpr@2a7ed1f]" name="read" class="com.informatica.cci.direct.CCIRuntimeReaderAllExpr"/>
        <method signature="CCIRuntimeReaderAllExpr.read(org.testng.ITestContext)[pri:0, instance:com.informatica.cci.direct.CCIRuntimeReaderAllExpr@495ee280]" name="read" class="com.informatica.cci.direct.CCIRuntimeReaderAllExpr"/>
        <method signature="CCIRuntimeReaderAllExpr.read(org.testng.ITestContext)[pri:0, instance:com.informatica.cci.direct.CCIRuntimeReaderAllExpr@3224a577]" name="read" class="com.informatica.cci.direct.CCIRuntimeReaderAllExpr"/>
        <method signature="CCIRuntimeReaderAllExpr.read(org.testng.ITestContext)[pri:0, instance:com.informatica.cci.direct.CCIRuntimeReaderAllExpr@463fd068]" name="read" class="com.informatica.cci.direct.CCIRuntimeReaderAllExpr"/>
        <method signature="CCIRuntimeReaderAllExpr.read(org.testng.ITestContext)[pri:0, instance:com.informatica.cci.direct.CCIRuntimeReaderAllExpr@bb9e6dc]" name="read" class="com.informatica.cci.direct.CCIRuntimeReaderAllExpr"/>
        <method signature="CCIRuntimeReaderAllExpr.read(org.testng.ITestContext)[pri:0, instance:com.informatica.cci.direct.CCIRuntimeReaderAllExpr@50313382]" name="read" class="com.informatica.cci.direct.CCIRuntimeReaderAllExpr"/>
        <method signature="CCIRuntimeReaderAllExpr.read(org.testng.ITestContext)[pri:0, instance:com.informatica.cci.direct.CCIRuntimeReaderAllExpr@329dbdbf]" name="read" class="com.informatica.cci.direct.CCIRuntimeReaderAllExpr"/>
        <method signature="CCIRuntimeReaderAllExpr.read(org.testng.ITestContext)[pri:0, instance:com.informatica.cci.direct.CCIRuntimeReaderAllExpr@2b72cb8a]" name="read" class="com.informatica.cci.direct.CCIRuntimeReaderAllExpr"/>
        <method signature="CCIRuntimeReaderAllExpr.read(org.testng.ITestContext)[pri:0, instance:com.informatica.cci.direct.CCIRuntimeReaderAllExpr@1c39680d]" name="read" class="com.informatica.cci.direct.CCIRuntimeReaderAllExpr"/>
        <method signature="CCIRuntimeReaderAllExpr.read(org.testng.ITestContext)[pri:0, instance:com.informatica.cci.direct.CCIRuntimeReaderAllExpr@24c4ddae]" name="read" class="com.informatica.cci.direct.CCIRuntimeReaderAllExpr"/>
        <method signature="CCIRuntimeReaderAllExpr.read(org.testng.ITestContext)[pri:0, instance:com.informatica.cci.direct.CCIRuntimeReaderAllExpr@4e07b95f]" name="read" class="com.informatica.cci.direct.CCIRuntimeReaderAllExpr"/>
        <method signature="CCIRuntimeReaderAllExpr.read(org.testng.ITestContext)[pri:0, instance:com.informatica.cci.direct.CCIRuntimeReaderAllExpr@6b6776cb]" name="read" class="com.informatica.cci.direct.CCIRuntimeReaderAllExpr"/>
        <method signature="CCIRuntimeReaderAllExpr.read(org.testng.ITestContext)[pri:0, instance:com.informatica.cci.direct.CCIRuntimeReaderAllExpr@5a37d3ed]" name="read" class="com.informatica.cci.direct.CCIRuntimeReaderAllExpr"/>
        <method signature="CCIRuntimeReaderAllExpr.read(org.testng.ITestContext)[pri:0, instance:com.informatica.cci.direct.CCIRuntimeReaderAllExpr@79c97cb]" name="read" class="com.informatica.cci.direct.CCIRuntimeReaderAllExpr"/>
        <method signature="CCIRuntimeReaderAllExpr.read(org.testng.ITestContext)[pri:0, instance:com.informatica.cci.direct.CCIRuntimeReaderAllExpr@4f704591]" name="read" class="com.informatica.cci.direct.CCIRuntimeReaderAllExpr"/>
        <method signature="CCIRuntimeReaderAllExpr.read(org.testng.ITestContext)[pri:0, instance:com.informatica.cci.direct.CCIRuntimeReaderAllExpr@1e81f160]" name="read" class="com.informatica.cci.direct.CCIRuntimeReaderAllExpr"/>
        <method signature="CCIRuntimeReaderAllExpr.read(org.testng.ITestContext)[pri:0, instance:com.informatica.cci.direct.CCIRuntimeReaderAllExpr@6c61a903]" name="read" class="com.informatica.cci.direct.CCIRuntimeReaderAllExpr"/>
        <method signature="CCIRuntimeWriter.write(org.testng.ITestContext)[pri:0, instance:com.informatica.cci.direct.CCIRuntimeWriter@1187c9e8]" name="write" class="com.informatica.cci.direct.CCIRuntimeWriter"/>
        <method signature="CCIRuntimeWriter.write(org.testng.ITestContext)[pri:0, instance:com.informatica.cci.direct.CCIRuntimeWriter@45ac5f9b]" name="write" class="com.informatica.cci.direct.CCIRuntimeWriter"/>
        <method signature="CCIRuntimeWriter.write(org.testng.ITestContext)[pri:0, instance:com.informatica.cci.direct.CCIRuntimeWriter@2a3888c1]" name="write" class="com.informatica.cci.direct.CCIRuntimeWriter"/>
        <method signature="CCIRuntimeWriter.write(org.testng.ITestContext)[pri:0, instance:com.informatica.cci.direct.CCIRuntimeWriter@5b3f61ff]" name="write" class="com.informatica.cci.direct.CCIRuntimeWriter"/>
        <method signature="CCIRuntimeWriter.write(org.testng.ITestContext)[pri:0, instance:com.informatica.cci.direct.CCIRuntimeWriter@12a94400]" name="write" class="com.informatica.cci.direct.CCIRuntimeWriter"/>
        <method signature="CCIRuntimeWriter.write(org.testng.ITestContext)[pri:0, instance:com.informatica.cci.direct.CCIRuntimeWriter@5495333e]" name="write" class="com.informatica.cci.direct.CCIRuntimeWriter"/>
        <method signature="CCIRuntimeWriter.write(org.testng.ITestContext)[pri:0, instance:com.informatica.cci.direct.CCIRuntimeWriter@67b9b51a]" name="write" class="com.informatica.cci.direct.CCIRuntimeWriter"/>
        <method signature="CCIRuntimeWriter.write(org.testng.ITestContext)[pri:0, instance:com.informatica.cci.direct.CCIRuntimeWriter@1d483de4]" name="write" class="com.informatica.cci.direct.CCIRuntimeWriter"/>
        <method signature="CCIRuntimeWriter.write(org.testng.ITestContext)[pri:0, instance:com.informatica.cci.direct.CCIRuntimeWriter@b83a9be]" name="write" class="com.informatica.cci.direct.CCIRuntimeWriter"/>
        <method signature="CCIRuntimeWriter.write(org.testng.ITestContext)[pri:0, instance:com.informatica.cci.direct.CCIRuntimeWriter@1ae8bcbc]" name="write" class="com.informatica.cci.direct.CCIRuntimeWriter"/>
        <method signature="CCIRuntimeWriter.write(org.testng.ITestContext)[pri:0, instance:com.informatica.cci.direct.CCIRuntimeWriter@1f75a668]" name="write" class="com.informatica.cci.direct.CCIRuntimeWriter"/>
        <method signature="CCIRuntimeWriter.write(org.testng.ITestContext)[pri:0, instance:com.informatica.cci.direct.CCIRuntimeWriter@4e31276e]" name="write" class="com.informatica.cci.direct.CCIRuntimeWriter"/>
        <method signature="CCIRuntimeWriter.write(org.testng.ITestContext)[pri:0, instance:com.informatica.cci.direct.CCIRuntimeWriter@2931522b]" name="write" class="com.informatica.cci.direct.CCIRuntimeWriter"/>
        <method signature="CCIRuntimeWriter.write(org.testng.ITestContext)[pri:0, instance:com.informatica.cci.direct.CCIRuntimeWriter@6cb6decd]" name="write" class="com.informatica.cci.direct.CCIRuntimeWriter"/>
        <method signature="CCIRuntimeWriter.write(org.testng.ITestContext)[pri:0, instance:com.informatica.cci.direct.CCIRuntimeWriter@2474f125]" name="write" class="com.informatica.cci.direct.CCIRuntimeWriter"/>
        <method signature="CCIRuntimeWriter.write(org.testng.ITestContext)[pri:0, instance:com.informatica.cci.direct.CCIRuntimeWriter@45d2ade3]" name="write" class="com.informatica.cci.direct.CCIRuntimeWriter"/>
        <method signature="CCIRuntimeWriter.write(org.testng.ITestContext)[pri:0, instance:com.informatica.cci.direct.CCIRuntimeWriter@1bae316d]" name="write" class="com.informatica.cci.direct.CCIRuntimeWriter"/>
        <method signature="CCIRuntimeWriter.write(org.testng.ITestContext)[pri:0, instance:com.informatica.cci.direct.CCIRuntimeWriter@11f0a5a1]" name="write" class="com.informatica.cci.direct.CCIRuntimeWriter"/>
        <method signature="CCIRuntimeWriter.write(org.testng.ITestContext)[pri:0, instance:com.informatica.cci.direct.CCIRuntimeWriter@732d0d24]" name="write" class="com.informatica.cci.direct.CCIRuntimeWriter"/>
        <method signature="CCIRuntimeWriter.write(org.testng.ITestContext)[pri:0, instance:com.informatica.cci.direct.CCIRuntimeWriter@13d4992d]" name="write" class="com.informatica.cci.direct.CCIRuntimeWriter"/>
        <method signature="CCIRuntimeWriter.write(org.testng.ITestContext)[pri:0, instance:com.informatica.cci.direct.CCIRuntimeWriter@6057aebb]" name="write" class="com.informatica.cci.direct.CCIRuntimeWriter"/>
        <method signature="CCIRuntimeWriter.write(org.testng.ITestContext)[pri:0, instance:com.informatica.cci.direct.CCIRuntimeWriter@282cb7c7]" name="write" class="com.informatica.cci.direct.CCIRuntimeWriter"/>
        <method signature="CCIRuntimeWriter.write(org.testng.ITestContext)[pri:0, instance:com.informatica.cci.direct.CCIRuntimeWriter@176b75f7]" name="write" class="com.informatica.cci.direct.CCIRuntimeWriter"/>
        <method signature="CCIRuntimeWriter.write(org.testng.ITestContext)[pri:0, instance:com.informatica.cci.direct.CCIRuntimeWriter@48793bef]" name="write" class="com.informatica.cci.direct.CCIRuntimeWriter"/>
        <method signature="CCIRuntimeWriter.write(org.testng.ITestContext)[pri:0, instance:com.informatica.cci.direct.CCIRuntimeWriter@60b4beb4]" name="write" class="com.informatica.cci.direct.CCIRuntimeWriter"/>
        <method signature="CCIRuntimeWriter.write(org.testng.ITestContext)[pri:0, instance:com.informatica.cci.direct.CCIRuntimeWriter@573906eb]" name="write" class="com.informatica.cci.direct.CCIRuntimeWriter"/>
        <method signature="CCIRuntimeWriter.write(org.testng.ITestContext)[pri:0, instance:com.informatica.cci.direct.CCIRuntimeWriter@d278d2b]" name="write" class="com.informatica.cci.direct.CCIRuntimeWriter"/>
        <method signature="CCIRuntimeWriter.write(org.testng.ITestContext)[pri:0, instance:com.informatica.cci.direct.CCIRuntimeWriter@6e005dc9]" name="write" class="com.informatica.cci.direct.CCIRuntimeWriter"/>
        <method signature="CCIRuntimeWriter.write(org.testng.ITestContext)[pri:0, instance:com.informatica.cci.direct.CCIRuntimeWriter@609db546]" name="write" class="com.informatica.cci.direct.CCIRuntimeWriter"/>
        <method signature="CCIRuntimeWriter.write(org.testng.ITestContext)[pri:0, instance:com.informatica.cci.direct.CCIRuntimeWriter@59cba5a]" name="write" class="com.informatica.cci.direct.CCIRuntimeWriter"/>
        <method signature="CCIRuntimeWriter.write(org.testng.ITestContext)[pri:0, instance:com.informatica.cci.direct.CCIRuntimeWriter@20c0a64d]" name="write" class="com.informatica.cci.direct.CCIRuntimeWriter"/>
        <method signature="CCIRuntimeWriter.write(org.testng.ITestContext)[pri:0, instance:com.informatica.cci.direct.CCIRuntimeWriter@1115ec15]" name="write" class="com.informatica.cci.direct.CCIRuntimeWriter"/>
        <method signature="CCIRuntimeWriter.write(org.testng.ITestContext)[pri:0, instance:com.informatica.cci.direct.CCIRuntimeWriter@37e4d7bb]" name="write" class="com.informatica.cci.direct.CCIRuntimeWriter"/>
        <method signature="CCIRuntimeWriter.write(org.testng.ITestContext)[pri:0, instance:com.informatica.cci.direct.CCIRuntimeWriter@2d778add]" name="write" class="com.informatica.cci.direct.CCIRuntimeWriter"/>
        <method signature="CCIRuntimeWriter.write(org.testng.ITestContext)[pri:0, instance:com.informatica.cci.direct.CCIRuntimeWriter@4b213651]" name="write" class="com.informatica.cci.direct.CCIRuntimeWriter"/>
        <method signature="CCIRuntimeWriter.write(org.testng.ITestContext)[pri:0, instance:com.informatica.cci.direct.CCIRuntimeWriter@1e44b638]" name="write" class="com.informatica.cci.direct.CCIRuntimeWriter"/>
        <method signature="CCIRuntimeWriter.write(org.testng.ITestContext)[pri:0, instance:com.informatica.cci.direct.CCIRuntimeWriter@69f1a286]" name="write" class="com.informatica.cci.direct.CCIRuntimeWriter"/>
        <method signature="CCIRuntimeWriter.write(org.testng.ITestContext)[pri:0, instance:com.informatica.cci.direct.CCIRuntimeWriter@51549490]" name="write" class="com.informatica.cci.direct.CCIRuntimeWriter"/>
        <method signature="CCIRuntimeWriter.write(org.testng.ITestContext)[pri:0, instance:com.informatica.cci.direct.CCIRuntimeWriter@5a3bc7ed]" name="write" class="com.informatica.cci.direct.CCIRuntimeWriter"/>
        <method signature="CCIRuntimeWriter.write(org.testng.ITestContext)[pri:0, instance:com.informatica.cci.direct.CCIRuntimeWriter@5ddcc487]" name="write" class="com.informatica.cci.direct.CCIRuntimeWriter"/>
        <method signature="CCIRuntimeWriter.write(org.testng.ITestContext)[pri:0, instance:com.informatica.cci.direct.CCIRuntimeWriter@3697186]" name="write" class="com.informatica.cci.direct.CCIRuntimeWriter"/>
        <method signature="CCIRuntimeWriter.write(org.testng.ITestContext)[pri:0, instance:com.informatica.cci.direct.CCIRuntimeWriter@1984b1f]" name="write" class="com.informatica.cci.direct.CCIRuntimeWriter"/>
        <method signature="CCIRuntimeWriter.write(org.testng.ITestContext)[pri:0, instance:com.informatica.cci.direct.CCIRuntimeWriter@65b104b9]" name="write" class="com.informatica.cci.direct.CCIRuntimeWriter"/>
        <method signature="CCIRuntimeReaderAllExpr.read(org.testng.ITestContext)[pri:0, instance:com.informatica.cci.direct.CCIRuntimeReaderAllExpr@1339e7aa]" name="read" class="com.informatica.cci.direct.CCIRuntimeReaderAllExpr"/>
        <method signature="CCIRuntimeReaderAllExpr.read(org.testng.ITestContext)[pri:0, instance:com.informatica.cci.direct.CCIRuntimeReaderAllExpr@479460a6]" name="read" class="com.informatica.cci.direct.CCIRuntimeReaderAllExpr"/>
        <method signature="CCIRuntimeWriter.write(org.testng.ITestContext)[pri:0, instance:com.informatica.cci.direct.CCIRuntimeWriter@2421cc4]" name="write" class="com.informatica.cci.direct.CCIRuntimeWriter"/>
        <method signature="CCIRuntimeReaderAllExpr.read(org.testng.ITestContext)[pri:0, instance:com.informatica.cci.direct.CCIRuntimeReaderAllExpr@2c78d320]" name="read" class="com.informatica.cci.direct.CCIRuntimeReaderAllExpr"/>
        <method signature="CCIRuntimeReaderAllExpr.read(org.testng.ITestContext)[pri:0, instance:com.informatica.cci.direct.CCIRuntimeReaderAllExpr@63f259c3]" name="read" class="com.informatica.cci.direct.CCIRuntimeReaderAllExpr"/>
        <method signature="CCIRuntimeReaderAllExpr.read(org.testng.ITestContext)[pri:0, instance:com.informatica.cci.direct.CCIRuntimeReaderAllExpr@78d6692f]" name="read" class="com.informatica.cci.direct.CCIRuntimeReaderAllExpr"/>
        <method signature="CCIRuntimeReaderAllExpr.read(org.testng.ITestContext)[pri:0, instance:com.informatica.cci.direct.CCIRuntimeReaderAllExpr@7582ff54]" name="read" class="com.informatica.cci.direct.CCIRuntimeReaderAllExpr"/>
        <method signature="CCIRuntimeReaderAllExpr.read(org.testng.ITestContext)[pri:0, instance:com.informatica.cci.direct.CCIRuntimeReaderAllExpr@146dfe6]" name="read" class="com.informatica.cci.direct.CCIRuntimeReaderAllExpr"/>
        <method signature="CCIRuntimeReaderAllExpr.read(org.testng.ITestContext)[pri:0, instance:com.informatica.cci.direct.CCIRuntimeReaderAllExpr@7efaad5a]" name="read" class="com.informatica.cci.direct.CCIRuntimeReaderAllExpr"/>
        <method signature="CCIRuntimeReaderAllExpr.read(org.testng.ITestContext)[pri:0, instance:com.informatica.cci.direct.CCIRuntimeReaderAllExpr@73cd37c0]" name="read" class="com.informatica.cci.direct.CCIRuntimeReaderAllExpr"/>
      </group> <!-- UNIT -->
      <group name="RUN0">
        <method signature="CCIRuntimeReaderAllExpr.read(org.testng.ITestContext)[pri:0, instance:com.informatica.cci.direct.CCIRuntimeReaderAllExpr@dc9876b]" name="read" class="com.informatica.cci.direct.CCIRuntimeReaderAllExpr"/>
        <method signature="CCIRuntimeReaderAllExpr.read(org.testng.ITestContext)[pri:0, instance:com.informatica.cci.direct.CCIRuntimeReaderAllExpr@4bc222e]" name="read" class="com.informatica.cci.direct.CCIRuntimeReaderAllExpr"/>
        <method signature="CCIRuntimeReaderAllExpr.read(org.testng.ITestContext)[pri:0, instance:com.informatica.cci.direct.CCIRuntimeReaderAllExpr@102cec62]" name="read" class="com.informatica.cci.direct.CCIRuntimeReaderAllExpr"/>
        <method signature="CCIRuntimeReaderAllExpr.read(org.testng.ITestContext)[pri:0, instance:com.informatica.cci.direct.CCIRuntimeReaderAllExpr@30b6ffe0]" name="read" class="com.informatica.cci.direct.CCIRuntimeReaderAllExpr"/>
        <method signature="CCIRuntimeReaderAllExpr.read(org.testng.ITestContext)[pri:0, instance:com.informatica.cci.direct.CCIRuntimeReaderAllExpr@cd1e646]" name="read" class="com.informatica.cci.direct.CCIRuntimeReaderAllExpr"/>
        <method signature="CCIRuntimeReaderAllExpr.read(org.testng.ITestContext)[pri:0, instance:com.informatica.cci.direct.CCIRuntimeReaderAllExpr@26adfd2d]" name="read" class="com.informatica.cci.direct.CCIRuntimeReaderAllExpr"/>
        <method signature="CCIRuntimeReaderAllExpr.read(org.testng.ITestContext)[pri:0, instance:com.informatica.cci.direct.CCIRuntimeReaderAllExpr@2663e964]" name="read" class="com.informatica.cci.direct.CCIRuntimeReaderAllExpr"/>
        <method signature="CCIRuntimeReaderAllExpr.read(org.testng.ITestContext)[pri:0, instance:com.informatica.cci.direct.CCIRuntimeReaderAllExpr@2205a05d]" name="read" class="com.informatica.cci.direct.CCIRuntimeReaderAllExpr"/>
        <method signature="CCIRuntimeReaderAllExpr.read(org.testng.ITestContext)[pri:0, instance:com.informatica.cci.direct.CCIRuntimeReaderAllExpr@239105a8]" name="read" class="com.informatica.cci.direct.CCIRuntimeReaderAllExpr"/>
        <method signature="CCIRuntimeReaderAllExpr.read(org.testng.ITestContext)[pri:0, instance:com.informatica.cci.direct.CCIRuntimeReaderAllExpr@7b993c65]" name="read" class="com.informatica.cci.direct.CCIRuntimeReaderAllExpr"/>
        <method signature="CCIRuntimeReaderAllExpr.read(org.testng.ITestContext)[pri:0, instance:com.informatica.cci.direct.CCIRuntimeReaderAllExpr@2a7ed1f]" name="read" class="com.informatica.cci.direct.CCIRuntimeReaderAllExpr"/>
        <method signature="CCIRuntimeReaderAllExpr.read(org.testng.ITestContext)[pri:0, instance:com.informatica.cci.direct.CCIRuntimeReaderAllExpr@495ee280]" name="read" class="com.informatica.cci.direct.CCIRuntimeReaderAllExpr"/>
        <method signature="CCIRuntimeReaderAllExpr.read(org.testng.ITestContext)[pri:0, instance:com.informatica.cci.direct.CCIRuntimeReaderAllExpr@3224a577]" name="read" class="com.informatica.cci.direct.CCIRuntimeReaderAllExpr"/>
        <method signature="CCIRuntimeReaderAllExpr.read(org.testng.ITestContext)[pri:0, instance:com.informatica.cci.direct.CCIRuntimeReaderAllExpr@463fd068]" name="read" class="com.informatica.cci.direct.CCIRuntimeReaderAllExpr"/>
        <method signature="CCIRuntimeReaderAllExpr.read(org.testng.ITestContext)[pri:0, instance:com.informatica.cci.direct.CCIRuntimeReaderAllExpr@bb9e6dc]" name="read" class="com.informatica.cci.direct.CCIRuntimeReaderAllExpr"/>
        <method signature="CCIRuntimeReaderAllExpr.read(org.testng.ITestContext)[pri:0, instance:com.informatica.cci.direct.CCIRuntimeReaderAllExpr@50313382]" name="read" class="com.informatica.cci.direct.CCIRuntimeReaderAllExpr"/>
        <method signature="CCIRuntimeReaderAllExpr.read(org.testng.ITestContext)[pri:0, instance:com.informatica.cci.direct.CCIRuntimeReaderAllExpr@329dbdbf]" name="read" class="com.informatica.cci.direct.CCIRuntimeReaderAllExpr"/>
        <method signature="CCIRuntimeReaderAllExpr.read(org.testng.ITestContext)[pri:0, instance:com.informatica.cci.direct.CCIRuntimeReaderAllExpr@2b72cb8a]" name="read" class="com.informatica.cci.direct.CCIRuntimeReaderAllExpr"/>
        <method signature="CCIRuntimeReaderAllExpr.read(org.testng.ITestContext)[pri:0, instance:com.informatica.cci.direct.CCIRuntimeReaderAllExpr@1c39680d]" name="read" class="com.informatica.cci.direct.CCIRuntimeReaderAllExpr"/>
        <method signature="CCIRuntimeReaderAllExpr.read(org.testng.ITestContext)[pri:0, instance:com.informatica.cci.direct.CCIRuntimeReaderAllExpr@24c4ddae]" name="read" class="com.informatica.cci.direct.CCIRuntimeReaderAllExpr"/>
        <method signature="CCIRuntimeReaderAllExpr.read(org.testng.ITestContext)[pri:0, instance:com.informatica.cci.direct.CCIRuntimeReaderAllExpr@4e07b95f]" name="read" class="com.informatica.cci.direct.CCIRuntimeReaderAllExpr"/>
        <method signature="CCIRuntimeReaderAllExpr.read(org.testng.ITestContext)[pri:0, instance:com.informatica.cci.direct.CCIRuntimeReaderAllExpr@6b6776cb]" name="read" class="com.informatica.cci.direct.CCIRuntimeReaderAllExpr"/>
        <method signature="CCIRuntimeReaderAllExpr.read(org.testng.ITestContext)[pri:0, instance:com.informatica.cci.direct.CCIRuntimeReaderAllExpr@5a37d3ed]" name="read" class="com.informatica.cci.direct.CCIRuntimeReaderAllExpr"/>
        <method signature="CCIRuntimeReaderAllExpr.read(org.testng.ITestContext)[pri:0, instance:com.informatica.cci.direct.CCIRuntimeReaderAllExpr@79c97cb]" name="read" class="com.informatica.cci.direct.CCIRuntimeReaderAllExpr"/>
        <method signature="CCIRuntimeReaderAllExpr.read(org.testng.ITestContext)[pri:0, instance:com.informatica.cci.direct.CCIRuntimeReaderAllExpr@4f704591]" name="read" class="com.informatica.cci.direct.CCIRuntimeReaderAllExpr"/>
        <method signature="CCIRuntimeReaderAllExpr.read(org.testng.ITestContext)[pri:0, instance:com.informatica.cci.direct.CCIRuntimeReaderAllExpr@1e81f160]" name="read" class="com.informatica.cci.direct.CCIRuntimeReaderAllExpr"/>
        <method signature="CCIRuntimeReaderAllExpr.read(org.testng.ITestContext)[pri:0, instance:com.informatica.cci.direct.CCIRuntimeReaderAllExpr@6c61a903]" name="read" class="com.informatica.cci.direct.CCIRuntimeReaderAllExpr"/>
        <method signature="CCIRuntimeReaderAllExpr.read(org.testng.ITestContext)[pri:0, instance:com.informatica.cci.direct.CCIRuntimeReaderAllExpr@1339e7aa]" name="read" class="com.informatica.cci.direct.CCIRuntimeReaderAllExpr"/>
        <method signature="CCIRuntimeReaderAllExpr.read(org.testng.ITestContext)[pri:0, instance:com.informatica.cci.direct.CCIRuntimeReaderAllExpr@479460a6]" name="read" class="com.informatica.cci.direct.CCIRuntimeReaderAllExpr"/>
        <method signature="CCIRuntimeReaderAllExpr.read(org.testng.ITestContext)[pri:0, instance:com.informatica.cci.direct.CCIRuntimeReaderAllExpr@2c78d320]" name="read" class="com.informatica.cci.direct.CCIRuntimeReaderAllExpr"/>
        <method signature="CCIRuntimeReaderAllExpr.read(org.testng.ITestContext)[pri:0, instance:com.informatica.cci.direct.CCIRuntimeReaderAllExpr@63f259c3]" name="read" class="com.informatica.cci.direct.CCIRuntimeReaderAllExpr"/>
        <method signature="CCIRuntimeReaderAllExpr.read(org.testng.ITestContext)[pri:0, instance:com.informatica.cci.direct.CCIRuntimeReaderAllExpr@78d6692f]" name="read" class="com.informatica.cci.direct.CCIRuntimeReaderAllExpr"/>
        <method signature="CCIRuntimeReaderAllExpr.read(org.testng.ITestContext)[pri:0, instance:com.informatica.cci.direct.CCIRuntimeReaderAllExpr@7582ff54]" name="read" class="com.informatica.cci.direct.CCIRuntimeReaderAllExpr"/>
        <method signature="CCIRuntimeReaderAllExpr.read(org.testng.ITestContext)[pri:0, instance:com.informatica.cci.direct.CCIRuntimeReaderAllExpr@146dfe6]" name="read" class="com.informatica.cci.direct.CCIRuntimeReaderAllExpr"/>
        <method signature="CCIRuntimeReaderAllExpr.read(org.testng.ITestContext)[pri:0, instance:com.informatica.cci.direct.CCIRuntimeReaderAllExpr@7efaad5a]" name="read" class="com.informatica.cci.direct.CCIRuntimeReaderAllExpr"/>
        <method signature="CCIRuntimeReaderAllExpr.read(org.testng.ITestContext)[pri:0, instance:com.informatica.cci.direct.CCIRuntimeReaderAllExpr@73cd37c0]" name="read" class="com.informatica.cci.direct.CCIRuntimeReaderAllExpr"/>
      </group> <!-- RUN0 -->
      <group name="dtt">
        <method signature="CCIRuntimeWriter.write(org.testng.ITestContext)[pri:0, instance:com.informatica.cci.direct.CCIRuntimeWriter@1187c9e8]" name="write" class="com.informatica.cci.direct.CCIRuntimeWriter"/>
        <method signature="CCIRuntimeWriter.write(org.testng.ITestContext)[pri:0, instance:com.informatica.cci.direct.CCIRuntimeWriter@45ac5f9b]" name="write" class="com.informatica.cci.direct.CCIRuntimeWriter"/>
        <method signature="CCIRuntimeWriter.write(org.testng.ITestContext)[pri:0, instance:com.informatica.cci.direct.CCIRuntimeWriter@2a3888c1]" name="write" class="com.informatica.cci.direct.CCIRuntimeWriter"/>
        <method signature="CCIRuntimeWriter.write(org.testng.ITestContext)[pri:0, instance:com.informatica.cci.direct.CCIRuntimeWriter@5b3f61ff]" name="write" class="com.informatica.cci.direct.CCIRuntimeWriter"/>
        <method signature="CCIRuntimeWriter.write(org.testng.ITestContext)[pri:0, instance:com.informatica.cci.direct.CCIRuntimeWriter@12a94400]" name="write" class="com.informatica.cci.direct.CCIRuntimeWriter"/>
        <method signature="CCIRuntimeWriter.write(org.testng.ITestContext)[pri:0, instance:com.informatica.cci.direct.CCIRuntimeWriter@5495333e]" name="write" class="com.informatica.cci.direct.CCIRuntimeWriter"/>
        <method signature="CCIRuntimeWriter.write(org.testng.ITestContext)[pri:0, instance:com.informatica.cci.direct.CCIRuntimeWriter@67b9b51a]" name="write" class="com.informatica.cci.direct.CCIRuntimeWriter"/>
        <method signature="CCIRuntimeWriter.write(org.testng.ITestContext)[pri:0, instance:com.informatica.cci.direct.CCIRuntimeWriter@1d483de4]" name="write" class="com.informatica.cci.direct.CCIRuntimeWriter"/>
        <method signature="CCIRuntimeWriter.write(org.testng.ITestContext)[pri:0, instance:com.informatica.cci.direct.CCIRuntimeWriter@b83a9be]" name="write" class="com.informatica.cci.direct.CCIRuntimeWriter"/>
        <method signature="CCIRuntimeWriter.write(org.testng.ITestContext)[pri:0, instance:com.informatica.cci.direct.CCIRuntimeWriter@1ae8bcbc]" name="write" class="com.informatica.cci.direct.CCIRuntimeWriter"/>
        <method signature="CCIRuntimeWriter.write(org.testng.ITestContext)[pri:0, instance:com.informatica.cci.direct.CCIRuntimeWriter@1f75a668]" name="write" class="com.informatica.cci.direct.CCIRuntimeWriter"/>
        <method signature="CCIRuntimeWriter.write(org.testng.ITestContext)[pri:0, instance:com.informatica.cci.direct.CCIRuntimeWriter@4e31276e]" name="write" class="com.informatica.cci.direct.CCIRuntimeWriter"/>
        <method signature="CCIRuntimeWriter.write(org.testng.ITestContext)[pri:0, instance:com.informatica.cci.direct.CCIRuntimeWriter@2931522b]" name="write" class="com.informatica.cci.direct.CCIRuntimeWriter"/>
        <method signature="CCIRuntimeWriter.write(org.testng.ITestContext)[pri:0, instance:com.informatica.cci.direct.CCIRuntimeWriter@6cb6decd]" name="write" class="com.informatica.cci.direct.CCIRuntimeWriter"/>
        <method signature="CCIRuntimeWriter.write(org.testng.ITestContext)[pri:0, instance:com.informatica.cci.direct.CCIRuntimeWriter@2474f125]" name="write" class="com.informatica.cci.direct.CCIRuntimeWriter"/>
        <method signature="CCIRuntimeWriter.write(org.testng.ITestContext)[pri:0, instance:com.informatica.cci.direct.CCIRuntimeWriter@45d2ade3]" name="write" class="com.informatica.cci.direct.CCIRuntimeWriter"/>
        <method signature="CCIRuntimeWriter.write(org.testng.ITestContext)[pri:0, instance:com.informatica.cci.direct.CCIRuntimeWriter@1bae316d]" name="write" class="com.informatica.cci.direct.CCIRuntimeWriter"/>
        <method signature="CCIRuntimeWriter.write(org.testng.ITestContext)[pri:0, instance:com.informatica.cci.direct.CCIRuntimeWriter@11f0a5a1]" name="write" class="com.informatica.cci.direct.CCIRuntimeWriter"/>
        <method signature="CCIRuntimeWriter.write(org.testng.ITestContext)[pri:0, instance:com.informatica.cci.direct.CCIRuntimeWriter@732d0d24]" name="write" class="com.informatica.cci.direct.CCIRuntimeWriter"/>
        <method signature="CCIRuntimeWriter.write(org.testng.ITestContext)[pri:0, instance:com.informatica.cci.direct.CCIRuntimeWriter@13d4992d]" name="write" class="com.informatica.cci.direct.CCIRuntimeWriter"/>
        <method signature="CCIRuntimeWriter.write(org.testng.ITestContext)[pri:0, instance:com.informatica.cci.direct.CCIRuntimeWriter@6057aebb]" name="write" class="com.informatica.cci.direct.CCIRuntimeWriter"/>
        <method signature="CCIRuntimeWriter.write(org.testng.ITestContext)[pri:0, instance:com.informatica.cci.direct.CCIRuntimeWriter@282cb7c7]" name="write" class="com.informatica.cci.direct.CCIRuntimeWriter"/>
        <method signature="CCIRuntimeWriter.write(org.testng.ITestContext)[pri:0, instance:com.informatica.cci.direct.CCIRuntimeWriter@176b75f7]" name="write" class="com.informatica.cci.direct.CCIRuntimeWriter"/>
        <method signature="CCIRuntimeWriter.write(org.testng.ITestContext)[pri:0, instance:com.informatica.cci.direct.CCIRuntimeWriter@48793bef]" name="write" class="com.informatica.cci.direct.CCIRuntimeWriter"/>
        <method signature="CCIRuntimeWriter.write(org.testng.ITestContext)[pri:0, instance:com.informatica.cci.direct.CCIRuntimeWriter@60b4beb4]" name="write" class="com.informatica.cci.direct.CCIRuntimeWriter"/>
        <method signature="CCIRuntimeWriter.write(org.testng.ITestContext)[pri:0, instance:com.informatica.cci.direct.CCIRuntimeWriter@573906eb]" name="write" class="com.informatica.cci.direct.CCIRuntimeWriter"/>
        <method signature="CCIRuntimeWriter.write(org.testng.ITestContext)[pri:0, instance:com.informatica.cci.direct.CCIRuntimeWriter@d278d2b]" name="write" class="com.informatica.cci.direct.CCIRuntimeWriter"/>
        <method signature="CCIRuntimeWriter.write(org.testng.ITestContext)[pri:0, instance:com.informatica.cci.direct.CCIRuntimeWriter@6e005dc9]" name="write" class="com.informatica.cci.direct.CCIRuntimeWriter"/>
        <method signature="CCIRuntimeWriter.write(org.testng.ITestContext)[pri:0, instance:com.informatica.cci.direct.CCIRuntimeWriter@609db546]" name="write" class="com.informatica.cci.direct.CCIRuntimeWriter"/>
        <method signature="CCIRuntimeWriter.write(org.testng.ITestContext)[pri:0, instance:com.informatica.cci.direct.CCIRuntimeWriter@59cba5a]" name="write" class="com.informatica.cci.direct.CCIRuntimeWriter"/>
        <method signature="CCIRuntimeWriter.write(org.testng.ITestContext)[pri:0, instance:com.informatica.cci.direct.CCIRuntimeWriter@20c0a64d]" name="write" class="com.informatica.cci.direct.CCIRuntimeWriter"/>
        <method signature="CCIRuntimeWriter.write(org.testng.ITestContext)[pri:0, instance:com.informatica.cci.direct.CCIRuntimeWriter@1115ec15]" name="write" class="com.informatica.cci.direct.CCIRuntimeWriter"/>
        <method signature="CCIRuntimeWriter.write(org.testng.ITestContext)[pri:0, instance:com.informatica.cci.direct.CCIRuntimeWriter@37e4d7bb]" name="write" class="com.informatica.cci.direct.CCIRuntimeWriter"/>
        <method signature="CCIRuntimeWriter.write(org.testng.ITestContext)[pri:0, instance:com.informatica.cci.direct.CCIRuntimeWriter@2d778add]" name="write" class="com.informatica.cci.direct.CCIRuntimeWriter"/>
        <method signature="CCIRuntimeWriter.write(org.testng.ITestContext)[pri:0, instance:com.informatica.cci.direct.CCIRuntimeWriter@4b213651]" name="write" class="com.informatica.cci.direct.CCIRuntimeWriter"/>
        <method signature="CCIRuntimeWriter.write(org.testng.ITestContext)[pri:0, instance:com.informatica.cci.direct.CCIRuntimeWriter@1e44b638]" name="write" class="com.informatica.cci.direct.CCIRuntimeWriter"/>
        <method signature="CCIRuntimeWriter.write(org.testng.ITestContext)[pri:0, instance:com.informatica.cci.direct.CCIRuntimeWriter@69f1a286]" name="write" class="com.informatica.cci.direct.CCIRuntimeWriter"/>
        <method signature="CCIRuntimeWriter.write(org.testng.ITestContext)[pri:0, instance:com.informatica.cci.direct.CCIRuntimeWriter@51549490]" name="write" class="com.informatica.cci.direct.CCIRuntimeWriter"/>
        <method signature="CCIRuntimeWriter.write(org.testng.ITestContext)[pri:0, instance:com.informatica.cci.direct.CCIRuntimeWriter@5a3bc7ed]" name="write" class="com.informatica.cci.direct.CCIRuntimeWriter"/>
        <method signature="CCIRuntimeWriter.write(org.testng.ITestContext)[pri:0, instance:com.informatica.cci.direct.CCIRuntimeWriter@5ddcc487]" name="write" class="com.informatica.cci.direct.CCIRuntimeWriter"/>
        <method signature="CCIRuntimeWriter.write(org.testng.ITestContext)[pri:0, instance:com.informatica.cci.direct.CCIRuntimeWriter@3697186]" name="write" class="com.informatica.cci.direct.CCIRuntimeWriter"/>
        <method signature="CCIRuntimeWriter.write(org.testng.ITestContext)[pri:0, instance:com.informatica.cci.direct.CCIRuntimeWriter@1984b1f]" name="write" class="com.informatica.cci.direct.CCIRuntimeWriter"/>
        <method signature="CCIRuntimeWriter.write(org.testng.ITestContext)[pri:0, instance:com.informatica.cci.direct.CCIRuntimeWriter@65b104b9]" name="write" class="com.informatica.cci.direct.CCIRuntimeWriter"/>
        <method signature="CCIRuntimeWriter.write(org.testng.ITestContext)[pri:0, instance:com.informatica.cci.direct.CCIRuntimeWriter@2421cc4]" name="write" class="com.informatica.cci.direct.CCIRuntimeWriter"/>
      </group> <!-- dtt -->
      <group name="RUN13">
        <method signature="CCIRuntimeWriter.write(org.testng.ITestContext)[pri:0, instance:com.informatica.cci.direct.CCIRuntimeWriter@1187c9e8]" name="write" class="com.informatica.cci.direct.CCIRuntimeWriter"/>
        <method signature="CCIRuntimeWriter.write(org.testng.ITestContext)[pri:0, instance:com.informatica.cci.direct.CCIRuntimeWriter@45ac5f9b]" name="write" class="com.informatica.cci.direct.CCIRuntimeWriter"/>
        <method signature="CCIRuntimeWriter.write(org.testng.ITestContext)[pri:0, instance:com.informatica.cci.direct.CCIRuntimeWriter@2a3888c1]" name="write" class="com.informatica.cci.direct.CCIRuntimeWriter"/>
        <method signature="CCIRuntimeWriter.write(org.testng.ITestContext)[pri:0, instance:com.informatica.cci.direct.CCIRuntimeWriter@5b3f61ff]" name="write" class="com.informatica.cci.direct.CCIRuntimeWriter"/>
        <method signature="CCIRuntimeWriter.write(org.testng.ITestContext)[pri:0, instance:com.informatica.cci.direct.CCIRuntimeWriter@12a94400]" name="write" class="com.informatica.cci.direct.CCIRuntimeWriter"/>
        <method signature="CCIRuntimeWriter.write(org.testng.ITestContext)[pri:0, instance:com.informatica.cci.direct.CCIRuntimeWriter@5495333e]" name="write" class="com.informatica.cci.direct.CCIRuntimeWriter"/>
        <method signature="CCIRuntimeWriter.write(org.testng.ITestContext)[pri:0, instance:com.informatica.cci.direct.CCIRuntimeWriter@67b9b51a]" name="write" class="com.informatica.cci.direct.CCIRuntimeWriter"/>
        <method signature="CCIRuntimeWriter.write(org.testng.ITestContext)[pri:0, instance:com.informatica.cci.direct.CCIRuntimeWriter@1d483de4]" name="write" class="com.informatica.cci.direct.CCIRuntimeWriter"/>
        <method signature="CCIRuntimeWriter.write(org.testng.ITestContext)[pri:0, instance:com.informatica.cci.direct.CCIRuntimeWriter@b83a9be]" name="write" class="com.informatica.cci.direct.CCIRuntimeWriter"/>
        <method signature="CCIRuntimeWriter.write(org.testng.ITestContext)[pri:0, instance:com.informatica.cci.direct.CCIRuntimeWriter@1ae8bcbc]" name="write" class="com.informatica.cci.direct.CCIRuntimeWriter"/>
        <method signature="CCIRuntimeWriter.write(org.testng.ITestContext)[pri:0, instance:com.informatica.cci.direct.CCIRuntimeWriter@1f75a668]" name="write" class="com.informatica.cci.direct.CCIRuntimeWriter"/>
        <method signature="CCIRuntimeWriter.write(org.testng.ITestContext)[pri:0, instance:com.informatica.cci.direct.CCIRuntimeWriter@4e31276e]" name="write" class="com.informatica.cci.direct.CCIRuntimeWriter"/>
        <method signature="CCIRuntimeWriter.write(org.testng.ITestContext)[pri:0, instance:com.informatica.cci.direct.CCIRuntimeWriter@2931522b]" name="write" class="com.informatica.cci.direct.CCIRuntimeWriter"/>
        <method signature="CCIRuntimeWriter.write(org.testng.ITestContext)[pri:0, instance:com.informatica.cci.direct.CCIRuntimeWriter@6cb6decd]" name="write" class="com.informatica.cci.direct.CCIRuntimeWriter"/>
        <method signature="CCIRuntimeWriter.write(org.testng.ITestContext)[pri:0, instance:com.informatica.cci.direct.CCIRuntimeWriter@2474f125]" name="write" class="com.informatica.cci.direct.CCIRuntimeWriter"/>
        <method signature="CCIRuntimeWriter.write(org.testng.ITestContext)[pri:0, instance:com.informatica.cci.direct.CCIRuntimeWriter@45d2ade3]" name="write" class="com.informatica.cci.direct.CCIRuntimeWriter"/>
        <method signature="CCIRuntimeWriter.write(org.testng.ITestContext)[pri:0, instance:com.informatica.cci.direct.CCIRuntimeWriter@1bae316d]" name="write" class="com.informatica.cci.direct.CCIRuntimeWriter"/>
        <method signature="CCIRuntimeWriter.write(org.testng.ITestContext)[pri:0, instance:com.informatica.cci.direct.CCIRuntimeWriter@11f0a5a1]" name="write" class="com.informatica.cci.direct.CCIRuntimeWriter"/>
        <method signature="CCIRuntimeWriter.write(org.testng.ITestContext)[pri:0, instance:com.informatica.cci.direct.CCIRuntimeWriter@732d0d24]" name="write" class="com.informatica.cci.direct.CCIRuntimeWriter"/>
        <method signature="CCIRuntimeWriter.write(org.testng.ITestContext)[pri:0, instance:com.informatica.cci.direct.CCIRuntimeWriter@13d4992d]" name="write" class="com.informatica.cci.direct.CCIRuntimeWriter"/>
        <method signature="CCIRuntimeWriter.write(org.testng.ITestContext)[pri:0, instance:com.informatica.cci.direct.CCIRuntimeWriter@6057aebb]" name="write" class="com.informatica.cci.direct.CCIRuntimeWriter"/>
        <method signature="CCIRuntimeWriter.write(org.testng.ITestContext)[pri:0, instance:com.informatica.cci.direct.CCIRuntimeWriter@282cb7c7]" name="write" class="com.informatica.cci.direct.CCIRuntimeWriter"/>
        <method signature="CCIRuntimeWriter.write(org.testng.ITestContext)[pri:0, instance:com.informatica.cci.direct.CCIRuntimeWriter@176b75f7]" name="write" class="com.informatica.cci.direct.CCIRuntimeWriter"/>
        <method signature="CCIRuntimeWriter.write(org.testng.ITestContext)[pri:0, instance:com.informatica.cci.direct.CCIRuntimeWriter@48793bef]" name="write" class="com.informatica.cci.direct.CCIRuntimeWriter"/>
        <method signature="CCIRuntimeWriter.write(org.testng.ITestContext)[pri:0, instance:com.informatica.cci.direct.CCIRuntimeWriter@60b4beb4]" name="write" class="com.informatica.cci.direct.CCIRuntimeWriter"/>
        <method signature="CCIRuntimeWriter.write(org.testng.ITestContext)[pri:0, instance:com.informatica.cci.direct.CCIRuntimeWriter@573906eb]" name="write" class="com.informatica.cci.direct.CCIRuntimeWriter"/>
        <method signature="CCIRuntimeWriter.write(org.testng.ITestContext)[pri:0, instance:com.informatica.cci.direct.CCIRuntimeWriter@d278d2b]" name="write" class="com.informatica.cci.direct.CCIRuntimeWriter"/>
        <method signature="CCIRuntimeWriter.write(org.testng.ITestContext)[pri:0, instance:com.informatica.cci.direct.CCIRuntimeWriter@6e005dc9]" name="write" class="com.informatica.cci.direct.CCIRuntimeWriter"/>
        <method signature="CCIRuntimeWriter.write(org.testng.ITestContext)[pri:0, instance:com.informatica.cci.direct.CCIRuntimeWriter@609db546]" name="write" class="com.informatica.cci.direct.CCIRuntimeWriter"/>
        <method signature="CCIRuntimeWriter.write(org.testng.ITestContext)[pri:0, instance:com.informatica.cci.direct.CCIRuntimeWriter@59cba5a]" name="write" class="com.informatica.cci.direct.CCIRuntimeWriter"/>
        <method signature="CCIRuntimeWriter.write(org.testng.ITestContext)[pri:0, instance:com.informatica.cci.direct.CCIRuntimeWriter@20c0a64d]" name="write" class="com.informatica.cci.direct.CCIRuntimeWriter"/>
        <method signature="CCIRuntimeWriter.write(org.testng.ITestContext)[pri:0, instance:com.informatica.cci.direct.CCIRuntimeWriter@1115ec15]" name="write" class="com.informatica.cci.direct.CCIRuntimeWriter"/>
        <method signature="CCIRuntimeWriter.write(org.testng.ITestContext)[pri:0, instance:com.informatica.cci.direct.CCIRuntimeWriter@37e4d7bb]" name="write" class="com.informatica.cci.direct.CCIRuntimeWriter"/>
        <method signature="CCIRuntimeWriter.write(org.testng.ITestContext)[pri:0, instance:com.informatica.cci.direct.CCIRuntimeWriter@2d778add]" name="write" class="com.informatica.cci.direct.CCIRuntimeWriter"/>
        <method signature="CCIRuntimeWriter.write(org.testng.ITestContext)[pri:0, instance:com.informatica.cci.direct.CCIRuntimeWriter@4b213651]" name="write" class="com.informatica.cci.direct.CCIRuntimeWriter"/>
        <method signature="CCIRuntimeWriter.write(org.testng.ITestContext)[pri:0, instance:com.informatica.cci.direct.CCIRuntimeWriter@1e44b638]" name="write" class="com.informatica.cci.direct.CCIRuntimeWriter"/>
        <method signature="CCIRuntimeWriter.write(org.testng.ITestContext)[pri:0, instance:com.informatica.cci.direct.CCIRuntimeWriter@69f1a286]" name="write" class="com.informatica.cci.direct.CCIRuntimeWriter"/>
        <method signature="CCIRuntimeWriter.write(org.testng.ITestContext)[pri:0, instance:com.informatica.cci.direct.CCIRuntimeWriter@51549490]" name="write" class="com.informatica.cci.direct.CCIRuntimeWriter"/>
        <method signature="CCIRuntimeWriter.write(org.testng.ITestContext)[pri:0, instance:com.informatica.cci.direct.CCIRuntimeWriter@5a3bc7ed]" name="write" class="com.informatica.cci.direct.CCIRuntimeWriter"/>
        <method signature="CCIRuntimeWriter.write(org.testng.ITestContext)[pri:0, instance:com.informatica.cci.direct.CCIRuntimeWriter@5ddcc487]" name="write" class="com.informatica.cci.direct.CCIRuntimeWriter"/>
        <method signature="CCIRuntimeWriter.write(org.testng.ITestContext)[pri:0, instance:com.informatica.cci.direct.CCIRuntimeWriter@3697186]" name="write" class="com.informatica.cci.direct.CCIRuntimeWriter"/>
        <method signature="CCIRuntimeWriter.write(org.testng.ITestContext)[pri:0, instance:com.informatica.cci.direct.CCIRuntimeWriter@1984b1f]" name="write" class="com.informatica.cci.direct.CCIRuntimeWriter"/>
        <method signature="CCIRuntimeWriter.write(org.testng.ITestContext)[pri:0, instance:com.informatica.cci.direct.CCIRuntimeWriter@65b104b9]" name="write" class="com.informatica.cci.direct.CCIRuntimeWriter"/>
        <method signature="CCIRuntimeWriter.write(org.testng.ITestContext)[pri:0, instance:com.informatica.cci.direct.CCIRuntimeWriter@2421cc4]" name="write" class="com.informatica.cci.direct.CCIRuntimeWriter"/>
      </group> <!-- RUN13 -->
      <group name="RUN12">
        <method signature="CCIRuntimeWriter.write(org.testng.ITestContext)[pri:0, instance:com.informatica.cci.direct.CCIRuntimeWriter@1187c9e8]" name="write" class="com.informatica.cci.direct.CCIRuntimeWriter"/>
        <method signature="CCIRuntimeWriter.write(org.testng.ITestContext)[pri:0, instance:com.informatica.cci.direct.CCIRuntimeWriter@45ac5f9b]" name="write" class="com.informatica.cci.direct.CCIRuntimeWriter"/>
        <method signature="CCIRuntimeWriter.write(org.testng.ITestContext)[pri:0, instance:com.informatica.cci.direct.CCIRuntimeWriter@2a3888c1]" name="write" class="com.informatica.cci.direct.CCIRuntimeWriter"/>
        <method signature="CCIRuntimeWriter.write(org.testng.ITestContext)[pri:0, instance:com.informatica.cci.direct.CCIRuntimeWriter@5b3f61ff]" name="write" class="com.informatica.cci.direct.CCIRuntimeWriter"/>
        <method signature="CCIRuntimeWriter.write(org.testng.ITestContext)[pri:0, instance:com.informatica.cci.direct.CCIRuntimeWriter@12a94400]" name="write" class="com.informatica.cci.direct.CCIRuntimeWriter"/>
        <method signature="CCIRuntimeWriter.write(org.testng.ITestContext)[pri:0, instance:com.informatica.cci.direct.CCIRuntimeWriter@5495333e]" name="write" class="com.informatica.cci.direct.CCIRuntimeWriter"/>
        <method signature="CCIRuntimeWriter.write(org.testng.ITestContext)[pri:0, instance:com.informatica.cci.direct.CCIRuntimeWriter@67b9b51a]" name="write" class="com.informatica.cci.direct.CCIRuntimeWriter"/>
        <method signature="CCIRuntimeWriter.write(org.testng.ITestContext)[pri:0, instance:com.informatica.cci.direct.CCIRuntimeWriter@1d483de4]" name="write" class="com.informatica.cci.direct.CCIRuntimeWriter"/>
        <method signature="CCIRuntimeWriter.write(org.testng.ITestContext)[pri:0, instance:com.informatica.cci.direct.CCIRuntimeWriter@b83a9be]" name="write" class="com.informatica.cci.direct.CCIRuntimeWriter"/>
        <method signature="CCIRuntimeWriter.write(org.testng.ITestContext)[pri:0, instance:com.informatica.cci.direct.CCIRuntimeWriter@1ae8bcbc]" name="write" class="com.informatica.cci.direct.CCIRuntimeWriter"/>
        <method signature="CCIRuntimeWriter.write(org.testng.ITestContext)[pri:0, instance:com.informatica.cci.direct.CCIRuntimeWriter@1f75a668]" name="write" class="com.informatica.cci.direct.CCIRuntimeWriter"/>
        <method signature="CCIRuntimeWriter.write(org.testng.ITestContext)[pri:0, instance:com.informatica.cci.direct.CCIRuntimeWriter@4e31276e]" name="write" class="com.informatica.cci.direct.CCIRuntimeWriter"/>
        <method signature="CCIRuntimeWriter.write(org.testng.ITestContext)[pri:0, instance:com.informatica.cci.direct.CCIRuntimeWriter@2931522b]" name="write" class="com.informatica.cci.direct.CCIRuntimeWriter"/>
        <method signature="CCIRuntimeWriter.write(org.testng.ITestContext)[pri:0, instance:com.informatica.cci.direct.CCIRuntimeWriter@6cb6decd]" name="write" class="com.informatica.cci.direct.CCIRuntimeWriter"/>
        <method signature="CCIRuntimeWriter.write(org.testng.ITestContext)[pri:0, instance:com.informatica.cci.direct.CCIRuntimeWriter@2474f125]" name="write" class="com.informatica.cci.direct.CCIRuntimeWriter"/>
        <method signature="CCIRuntimeWriter.write(org.testng.ITestContext)[pri:0, instance:com.informatica.cci.direct.CCIRuntimeWriter@45d2ade3]" name="write" class="com.informatica.cci.direct.CCIRuntimeWriter"/>
        <method signature="CCIRuntimeWriter.write(org.testng.ITestContext)[pri:0, instance:com.informatica.cci.direct.CCIRuntimeWriter@1bae316d]" name="write" class="com.informatica.cci.direct.CCIRuntimeWriter"/>
        <method signature="CCIRuntimeWriter.write(org.testng.ITestContext)[pri:0, instance:com.informatica.cci.direct.CCIRuntimeWriter@11f0a5a1]" name="write" class="com.informatica.cci.direct.CCIRuntimeWriter"/>
        <method signature="CCIRuntimeWriter.write(org.testng.ITestContext)[pri:0, instance:com.informatica.cci.direct.CCIRuntimeWriter@732d0d24]" name="write" class="com.informatica.cci.direct.CCIRuntimeWriter"/>
        <method signature="CCIRuntimeWriter.write(org.testng.ITestContext)[pri:0, instance:com.informatica.cci.direct.CCIRuntimeWriter@13d4992d]" name="write" class="com.informatica.cci.direct.CCIRuntimeWriter"/>
        <method signature="CCIRuntimeWriter.write(org.testng.ITestContext)[pri:0, instance:com.informatica.cci.direct.CCIRuntimeWriter@6057aebb]" name="write" class="com.informatica.cci.direct.CCIRuntimeWriter"/>
        <method signature="CCIRuntimeWriter.write(org.testng.ITestContext)[pri:0, instance:com.informatica.cci.direct.CCIRuntimeWriter@282cb7c7]" name="write" class="com.informatica.cci.direct.CCIRuntimeWriter"/>
        <method signature="CCIRuntimeWriter.write(org.testng.ITestContext)[pri:0, instance:com.informatica.cci.direct.CCIRuntimeWriter@176b75f7]" name="write" class="com.informatica.cci.direct.CCIRuntimeWriter"/>
        <method signature="CCIRuntimeWriter.write(org.testng.ITestContext)[pri:0, instance:com.informatica.cci.direct.CCIRuntimeWriter@48793bef]" name="write" class="com.informatica.cci.direct.CCIRuntimeWriter"/>
        <method signature="CCIRuntimeWriter.write(org.testng.ITestContext)[pri:0, instance:com.informatica.cci.direct.CCIRuntimeWriter@60b4beb4]" name="write" class="com.informatica.cci.direct.CCIRuntimeWriter"/>
        <method signature="CCIRuntimeWriter.write(org.testng.ITestContext)[pri:0, instance:com.informatica.cci.direct.CCIRuntimeWriter@573906eb]" name="write" class="com.informatica.cci.direct.CCIRuntimeWriter"/>
        <method signature="CCIRuntimeWriter.write(org.testng.ITestContext)[pri:0, instance:com.informatica.cci.direct.CCIRuntimeWriter@d278d2b]" name="write" class="com.informatica.cci.direct.CCIRuntimeWriter"/>
        <method signature="CCIRuntimeWriter.write(org.testng.ITestContext)[pri:0, instance:com.informatica.cci.direct.CCIRuntimeWriter@6e005dc9]" name="write" class="com.informatica.cci.direct.CCIRuntimeWriter"/>
        <method signature="CCIRuntimeWriter.write(org.testng.ITestContext)[pri:0, instance:com.informatica.cci.direct.CCIRuntimeWriter@609db546]" name="write" class="com.informatica.cci.direct.CCIRuntimeWriter"/>
        <method signature="CCIRuntimeWriter.write(org.testng.ITestContext)[pri:0, instance:com.informatica.cci.direct.CCIRuntimeWriter@59cba5a]" name="write" class="com.informatica.cci.direct.CCIRuntimeWriter"/>
        <method signature="CCIRuntimeWriter.write(org.testng.ITestContext)[pri:0, instance:com.informatica.cci.direct.CCIRuntimeWriter@20c0a64d]" name="write" class="com.informatica.cci.direct.CCIRuntimeWriter"/>
        <method signature="CCIRuntimeWriter.write(org.testng.ITestContext)[pri:0, instance:com.informatica.cci.direct.CCIRuntimeWriter@1115ec15]" name="write" class="com.informatica.cci.direct.CCIRuntimeWriter"/>
        <method signature="CCIRuntimeWriter.write(org.testng.ITestContext)[pri:0, instance:com.informatica.cci.direct.CCIRuntimeWriter@37e4d7bb]" name="write" class="com.informatica.cci.direct.CCIRuntimeWriter"/>
        <method signature="CCIRuntimeWriter.write(org.testng.ITestContext)[pri:0, instance:com.informatica.cci.direct.CCIRuntimeWriter@2d778add]" name="write" class="com.informatica.cci.direct.CCIRuntimeWriter"/>
        <method signature="CCIRuntimeWriter.write(org.testng.ITestContext)[pri:0, instance:com.informatica.cci.direct.CCIRuntimeWriter@4b213651]" name="write" class="com.informatica.cci.direct.CCIRuntimeWriter"/>
        <method signature="CCIRuntimeWriter.write(org.testng.ITestContext)[pri:0, instance:com.informatica.cci.direct.CCIRuntimeWriter@1e44b638]" name="write" class="com.informatica.cci.direct.CCIRuntimeWriter"/>
        <method signature="CCIRuntimeWriter.write(org.testng.ITestContext)[pri:0, instance:com.informatica.cci.direct.CCIRuntimeWriter@69f1a286]" name="write" class="com.informatica.cci.direct.CCIRuntimeWriter"/>
        <method signature="CCIRuntimeWriter.write(org.testng.ITestContext)[pri:0, instance:com.informatica.cci.direct.CCIRuntimeWriter@51549490]" name="write" class="com.informatica.cci.direct.CCIRuntimeWriter"/>
        <method signature="CCIRuntimeWriter.write(org.testng.ITestContext)[pri:0, instance:com.informatica.cci.direct.CCIRuntimeWriter@5a3bc7ed]" name="write" class="com.informatica.cci.direct.CCIRuntimeWriter"/>
        <method signature="CCIRuntimeWriter.write(org.testng.ITestContext)[pri:0, instance:com.informatica.cci.direct.CCIRuntimeWriter@5ddcc487]" name="write" class="com.informatica.cci.direct.CCIRuntimeWriter"/>
        <method signature="CCIRuntimeWriter.write(org.testng.ITestContext)[pri:0, instance:com.informatica.cci.direct.CCIRuntimeWriter@3697186]" name="write" class="com.informatica.cci.direct.CCIRuntimeWriter"/>
        <method signature="CCIRuntimeWriter.write(org.testng.ITestContext)[pri:0, instance:com.informatica.cci.direct.CCIRuntimeWriter@1984b1f]" name="write" class="com.informatica.cci.direct.CCIRuntimeWriter"/>
        <method signature="CCIRuntimeWriter.write(org.testng.ITestContext)[pri:0, instance:com.informatica.cci.direct.CCIRuntimeWriter@65b104b9]" name="write" class="com.informatica.cci.direct.CCIRuntimeWriter"/>
        <method signature="CCIRuntimeWriter.write(org.testng.ITestContext)[pri:0, instance:com.informatica.cci.direct.CCIRuntimeWriter@2421cc4]" name="write" class="com.informatica.cci.direct.CCIRuntimeWriter"/>
      </group> <!-- RUN12 -->
      <group name="RUN">
        <method signature="CCIRuntimeReaderAllExpr.read(org.testng.ITestContext)[pri:0, instance:com.informatica.cci.direct.CCIRuntimeReaderAllExpr@dc9876b]" name="read" class="com.informatica.cci.direct.CCIRuntimeReaderAllExpr"/>
        <method signature="CCIRuntimeReaderAllExpr.read(org.testng.ITestContext)[pri:0, instance:com.informatica.cci.direct.CCIRuntimeReaderAllExpr@4bc222e]" name="read" class="com.informatica.cci.direct.CCIRuntimeReaderAllExpr"/>
        <method signature="CCIRuntimeReaderAllExpr.read(org.testng.ITestContext)[pri:0, instance:com.informatica.cci.direct.CCIRuntimeReaderAllExpr@102cec62]" name="read" class="com.informatica.cci.direct.CCIRuntimeReaderAllExpr"/>
        <method signature="CCIRuntimeReaderAllExpr.read(org.testng.ITestContext)[pri:0, instance:com.informatica.cci.direct.CCIRuntimeReaderAllExpr@30b6ffe0]" name="read" class="com.informatica.cci.direct.CCIRuntimeReaderAllExpr"/>
        <method signature="CCIRuntimeReaderAllExpr.read(org.testng.ITestContext)[pri:0, instance:com.informatica.cci.direct.CCIRuntimeReaderAllExpr@cd1e646]" name="read" class="com.informatica.cci.direct.CCIRuntimeReaderAllExpr"/>
        <method signature="CCIRuntimeReaderAllExpr.read(org.testng.ITestContext)[pri:0, instance:com.informatica.cci.direct.CCIRuntimeReaderAllExpr@26adfd2d]" name="read" class="com.informatica.cci.direct.CCIRuntimeReaderAllExpr"/>
        <method signature="CCIRuntimeReaderAllExpr.read(org.testng.ITestContext)[pri:0, instance:com.informatica.cci.direct.CCIRuntimeReaderAllExpr@2663e964]" name="read" class="com.informatica.cci.direct.CCIRuntimeReaderAllExpr"/>
        <method signature="CCIRuntimeReaderAllExpr.read(org.testng.ITestContext)[pri:0, instance:com.informatica.cci.direct.CCIRuntimeReaderAllExpr@2205a05d]" name="read" class="com.informatica.cci.direct.CCIRuntimeReaderAllExpr"/>
        <method signature="CCIRuntimeReaderAllExpr.read(org.testng.ITestContext)[pri:0, instance:com.informatica.cci.direct.CCIRuntimeReaderAllExpr@239105a8]" name="read" class="com.informatica.cci.direct.CCIRuntimeReaderAllExpr"/>
        <method signature="CCIRuntimeReaderAllExpr.read(org.testng.ITestContext)[pri:0, instance:com.informatica.cci.direct.CCIRuntimeReaderAllExpr@7b993c65]" name="read" class="com.informatica.cci.direct.CCIRuntimeReaderAllExpr"/>
        <method signature="CCIRuntimeReaderAllExpr.read(org.testng.ITestContext)[pri:0, instance:com.informatica.cci.direct.CCIRuntimeReaderAllExpr@2a7ed1f]" name="read" class="com.informatica.cci.direct.CCIRuntimeReaderAllExpr"/>
        <method signature="CCIRuntimeReaderAllExpr.read(org.testng.ITestContext)[pri:0, instance:com.informatica.cci.direct.CCIRuntimeReaderAllExpr@495ee280]" name="read" class="com.informatica.cci.direct.CCIRuntimeReaderAllExpr"/>
        <method signature="CCIRuntimeReaderAllExpr.read(org.testng.ITestContext)[pri:0, instance:com.informatica.cci.direct.CCIRuntimeReaderAllExpr@3224a577]" name="read" class="com.informatica.cci.direct.CCIRuntimeReaderAllExpr"/>
        <method signature="CCIRuntimeReaderAllExpr.read(org.testng.ITestContext)[pri:0, instance:com.informatica.cci.direct.CCIRuntimeReaderAllExpr@463fd068]" name="read" class="com.informatica.cci.direct.CCIRuntimeReaderAllExpr"/>
        <method signature="CCIRuntimeReaderAllExpr.read(org.testng.ITestContext)[pri:0, instance:com.informatica.cci.direct.CCIRuntimeReaderAllExpr@bb9e6dc]" name="read" class="com.informatica.cci.direct.CCIRuntimeReaderAllExpr"/>
        <method signature="CCIRuntimeReaderAllExpr.read(org.testng.ITestContext)[pri:0, instance:com.informatica.cci.direct.CCIRuntimeReaderAllExpr@50313382]" name="read" class="com.informatica.cci.direct.CCIRuntimeReaderAllExpr"/>
        <method signature="CCIRuntimeReaderAllExpr.read(org.testng.ITestContext)[pri:0, instance:com.informatica.cci.direct.CCIRuntimeReaderAllExpr@329dbdbf]" name="read" class="com.informatica.cci.direct.CCIRuntimeReaderAllExpr"/>
        <method signature="CCIRuntimeReaderAllExpr.read(org.testng.ITestContext)[pri:0, instance:com.informatica.cci.direct.CCIRuntimeReaderAllExpr@2b72cb8a]" name="read" class="com.informatica.cci.direct.CCIRuntimeReaderAllExpr"/>
[...]
          <params>
            <param index="0">
              <value>
                <![CDATA[org.testng.TestRunner@35b97c69]]>
              </value>
            </param>
          </params>
          <reporter-output>
          </reporter-output>
        </test-method> <!-- write -->
        <test-method status="PASS" signature="testData(java.lang.reflect.Method)[pri:0, instance:com.informatica.cci.direct.CCIRuntimeWriter@6057aebb]" test-instance-name="RuntimeWriter : write (CCTFCTFWrite)" name="testData" is-config="true" duration-ms="0" started-at="2023-07-05T13:12:23Z" finished-at="2023-07-05T13:12:23Z">
          <params>
            <param index="0">
              <value>
                <![CDATA[public void com.informatica.cci.direct.CCIRuntimeWriter.write(org.testng.ITestContext)]]>
              </value>
            </param>
          </params>
          <reporter-output>
          </reporter-output>
        </test-method> <!-- testData -->
      </class> <!-- com.informatica.cci.direct.CCIRuntimeWriter -->
    </test> <!-- basic_write_skipReadBack -->
    <test name="write_different_sourceConnector_dwh" duration-ms="1" started-at="2023-07-05T10:12:23Z" finished-at="2023-07-05T10:12:23Z">
    </test> <!-- write_different_sourceConnector_dwh -->
    <test name="write_different_sourceConnector_filebased" duration-ms="1" started-at="2023-07-05T10:12:23Z" finished-at="2023-07-05T10:12:23Z">
    </test> <!-- write_different_sourceConnector_filebased -->
    <test name="write_different_targetConnector_dwh" duration-ms="0" started-at="2023-07-05T10:12:23Z" finished-at="2023-07-05T10:12:23Z">
    </test> <!-- write_different_targetConnector_dwh -->
    <test name="write_different_targetConnector_filebased" duration-ms="0" started-at="2023-07-05T10:12:23Z" finished-at="2023-07-05T10:12:23Z">
    </test> <!-- write_different_targetConnector_filebased -->
    <test name="write_metering" duration-ms="0" started-at="2023-07-05T10:12:23Z" finished-at="2023-07-05T10:12:23Z">
    </test> <!-- write_metering -->
    <test name="write_custom_fieldMapping" duration-ms="0" started-at="2023-07-05T10:12:23Z" finished-at="2023-07-05T10:12:23Z">
    </test> <!-- write_custom_fieldMapping -->
    <test name="write_custom_fieldExpression" duration-ms="0" started-at="2023-07-05T10:12:23Z" finished-at="2023-07-05T10:12:23Z">
    </test> <!-- write_custom_fieldExpression -->
    <test name="write_parameterization" duration-ms="0" started-at="2023-07-05T10:12:23Z" finished-at="2023-07-05T10:12:23Z">
    </test> <!-- write_parameterization -->
    <test name="write_post_pre_script" duration-ms="69" started-at="2023-07-05T10:12:23Z" finished-at="2023-07-05T10:12:23Z">
      <class name="com.informatica.cci.direct.CCIRuntimeWriter">
        <test-method status="PASS" signature="testData(java.lang.reflect.Method)[pri:0, instance:com.informatica.cci.direct.CCIRuntimeWriter@59cba5a]" test-instance-name="RuntimeWriter : write (CCTFCTFWrite)" name="testData" is-config="true" duration-ms="0" started-at="2023-07-05T13:12:23Z" finished-at="2023-07-05T13:12:23Z">
          <params>
            <param index="0">
              <value>
                <![CDATA[public void com.informatica.cci.direct.CCIRuntimeWriter.write(org.testng.ITestContext)]]>
              </value>
            </param>
          </params>
          <reporter-output>
          </reporter-output>
        </test-method> <!-- testData -->
        <test-method status="PASS" signature="write(org.testng.ITestContext)[pri:0, instance:com.informatica.cci.direct.CCIRuntimeWriter@59cba5a]" test-instance-name="RuntimeWriter : write (CCTFCTFWrite)" name="write" duration-ms="69" started-at="2023-07-05T13:12:23Z" finished-at="2023-07-05T13:12:23Z">
          <params>
            <param index="0">
              <value>
                <![CDATA[org.testng.TestRunner@141cee26]]>
              </value>
            </param>
          </params>
          <reporter-output>
          </reporter-output>
        </test-method> <!-- write -->
      </class> <!-- com.informatica.cci.direct.CCIRuntimeWriter -->
    </test> <!-- write_post_pre_script -->
    <test name="write_autoMatchFields" duration-ms="49" started-at="2023-07-05T10:12:23Z" finished-at="2023-07-05T10:12:23Z">
      <class name="com.informatica.cci.direct.CCIRuntimeWriter">
        <test-method status="PASS" signature="write(org.testng.ITestContext)[pri:0, instance:com.informatica.cci.direct.CCIRuntimeWriter@20c0a64d]" test-instance-name="RuntimeWriter : write (CCTFCTFWrite)" name="write" duration-ms="48" started-at="2023-07-05T13:12:23Z" finished-at="2023-07-05T13:12:23Z">
          <params>
            <param index="0">
              <value>
                <![CDATA[org.testng.TestRunner@4704b66a]]>
              </value>
            </param>
          </params>
          <reporter-output>
          </reporter-output>
        </test-method> <!-- write -->
        <test-method status="PASS" signature="testData(java.lang.reflect.Method)[pri:0, instance:com.informatica.cci.direct.CCIRuntimeWriter@20c0a64d]" test-instance-name="RuntimeWriter : write (CCTFCTFWrite)" name="testData" is-config="true" duration-ms="0" started-at="2023-07-05T13:12:23Z" finished-at="2023-07-05T13:12:23Z">
          <params>
            <param index="0">
              <value>
                <![CDATA[public void com.informatica.cci.direct.CCIRuntimeWriter.write(org.testng.ITestContext)]]>
              </value>
            </param>
          </params>
          <reporter-output>
          </reporter-output>
        </test-method> <!-- testData -->
      </class> <!-- com.informatica.cci.direct.CCIRuntimeWriter -->
    </test> <!-- write_autoMatchFields -->
    <test name="write_filter_transformation" duration-ms="0" started-at="2023-07-05T10:12:23Z" finished-at="2023-07-05T10:12:23Z">
    </test> <!-- write_filter_transformation -->
    <test name="write_filter_transformation_pdo" duration-ms="0" started-at="2023-07-05T10:12:23Z" finished-at="2023-07-05T10:12:23Z">
    </test> <!-- write_filter_transformation_pdo -->
    <test name="write_union_transformation" duration-ms="0" started-at="2023-07-05T10:12:23Z" finished-at="2023-07-05T10:12:23Z">
    </test> <!-- write_union_transformation -->
    <test name="write_expression_transformation" duration-ms="0" started-at="2023-07-05T10:12:23Z" finished-at="2023-07-05T10:12:23Z">
    </test> <!-- write_expression_transformation -->
    <test name="write_sorter_transformation" duration-ms="1" started-at="2023-07-05T10:12:23Z" finished-at="2023-07-05T10:12:23Z">
    </test> <!-- write_sorter_transformation -->
    <test name="write_aggregator_transformation" duration-ms="0" started-at="2023-07-05T10:12:23Z" finished-at="2023-07-05T10:12:23Z">
    </test> <!-- write_aggregator_transformation -->
    <test name="write_sequenceGenerator_transformation" duration-ms="0" started-at="2023-07-05T10:12:23Z" finished-at="2023-07-05T10:12:23Z">
    </test> <!-- write_sequenceGenerator_transformation -->
    <test name="write_router_transformation" duration-ms="0" started-at="2023-07-05T10:12:23Z" finished-at="2023-07-05T10:12:23Z">
    </test> <!-- write_router_transformation -->
    <test name="write_rank_transformation" duration-ms="0" started-at="2023-07-05T10:12:23Z" finished-at="2023-07-05T10:12:23Z">
    </test> <!-- write_rank_transformation -->
    <test name="write_joiner_transformation" duration-ms="0" started-at="2023-07-05T10:12:23Z" finished-at="2023-07-05T10:12:23Z">
    </test> <!-- write_joiner_transformation -->
    <test name="dmt_dynamic_mapping_task" duration-ms="0" started-at="2023-07-05T10:12:23Z" finished-at="2023-07-05T10:12:23Z">
    </test> <!-- dmt_dynamic_mapping_task -->
    <test name="dtt_write_case" duration-ms="0" started-at="2023-07-05T10:12:23Z" finished-at="2023-07-05T10:12:23Z">
    </test> <!-- dtt_write_case -->
    <test name="dtt_lookup_case" duration-ms="0" started-at="2023-07-05T10:12:23Z" finished-at="2023-07-05T10:12:23Z">
    </test> <!-- dtt_lookup_case -->
    <test name="mapGenXml_comparison" duration-ms="0" started-at="2023-07-05T10:12:23Z" finished-at="2023-07-05T10:12:23Z">
    </test> <!-- mapGenXml_comparison -->
    <test name="sessionLog_comparison" duration-ms="0" started-at="2023-07-05T10:12:23Z" finished-at="2023-07-05T10:12:23Z">
    </test> <!-- sessionLog_comparison -->
    <test name="write_multiple_targets" duration-ms="0" started-at="2023-07-05T10:12:23Z" finished-at="2023-07-05T10:12:23Z">
    </test> <!-- write_multiple_targets -->
    <test name="importZip_executeMCT" duration-ms="0" started-at="2023-07-05T10:12:23Z" finished-at="2023-07-05T10:12:23Z">
    </test> <!-- importZip_executeMCT -->
    <test name="nativeFilter_explicitJoin" duration-ms="2126" started-at="2023-07-05T10:12:23Z" finished-at="2023-07-05T10:12:25Z">
      <class name="com.informatica.cci.direct.CCIRuntimeReaderAllExpr">
        <test-method status="PASS" signature="testData(java.lang.reflect.Method)[pri:0, instance:com.informatica.cci.direct.CCIRuntimeReaderAllExpr@2c78d320]" test-instance-name="read (CCTFCTFRead)" name="testData" is-config="true" duration-ms="0" started-at="2023-07-05T13:12:23Z" finished-at="2023-07-05T13:12:23Z">
          <params>
            <param index="0">
              <value>
                <![CDATA[public void com.informatica.cci.direct.CCIRuntimeReaderAllExpr.read(org.testng.ITestContext)]]>
              </value>
            </param>
          </params>
          <reporter-output>
          </reporter-output>
        </test-method> <!-- testData -->
        <test-method status="PASS" signature="read(org.testng.ITestContext)[pri:0, instance:com.informatica.cci.direct.CCIRuntimeReaderAllExpr@2c78d320]" test-instance-name="read (CCTFCTFRead)" name="read" duration-ms="2126" started-at="2023-07-05T13:12:23Z" finished-at="2023-07-05T13:12:25Z">
          <params>
            <param index="0">
              <value>
                <![CDATA[org.testng.TestRunner@16fc3be9]]>
              </value>
            </param>
          </params>
          <reporter-output>
          </reporter-output>
        </test-method> <!-- read -->
      </class> <!-- com.informatica.cci.direct.CCIRuntimeReaderAllExpr -->
    </test> <!-- nativeFilter_explicitJoin -->
    <test name="platformFilter_explicitJoin" duration-ms="3156" started-at="2023-07-05T10:12:25Z" finished-at="2023-07-05T10:12:28Z">
      <class name="com.informatica.cci.direct.CCIRuntimeReaderAllExpr">
        <test-method status="PASS" signature="testData(java.lang.reflect.Method)[pri:0, instance:com.informatica.cci.direct.CCIRuntimeReaderAllExpr@63f259c3]" test-instance-name="read (CCTFCTFRead)" name="testData" is-config="true" duration-ms="0" started-at="2023-07-05T13:12:25Z" finished-at="2023-07-05T13:12:25Z">
          <params>
            <param index="0">
              <value>
                <![CDATA[public void com.informatica.cci.direct.CCIRuntimeReaderAllExpr.read(org.testng.ITestContext)]]>
              </value>
            </param>
          </params>
          <reporter-output>
          </reporter-output>
        </test-method> <!-- testData -->
        <test-method status="PASS" signature="read(org.testng.ITestContext)[pri:0, instance:com.informatica.cci.direct.CCIRuntimeReaderAllExpr@63f259c3]" test-instance-name="read (CCTFCTFRead)" name="read" duration-ms="3156" started-at="2023-07-05T13:12:25Z" finished-at="2023-07-05T13:12:28Z">
          <params>
            <param index="0">
              <value>
                <![CDATA[org.testng.TestRunner@65daaa95]]>
              </value>
            </param>
          </params>
          <reporter-output>
          </reporter-output>
        </test-method> <!-- read -->
      </class> <!-- com.informatica.cci.direct.CCIRuntimeReaderAllExpr -->
    </test> <!-- platformFilter_explicitJoin -->
    <test name="platformFilter_implicitJoin" duration-ms="2964" started-at="2023-07-05T10:12:28Z" finished-at="2023-07-05T10:12:31Z">
      <class name="com.informatica.cci.direct.CCIRuntimeReaderAllExpr">
        <test-method status="PASS" signature="read(org.testng.ITestContext)[pri:0, instance:com.informatica.cci.direct.CCIRuntimeReaderAllExpr@78d6692f]" test-instance-name="read (CCTFCTFRead)" name="read" duration-ms="2964" started-at="2023-07-05T13:12:28Z" finished-at="2023-07-05T13:12:31Z">
          <params>
            <param index="0">
              <value>
                <![CDATA[org.testng.TestRunner@1ecf19e8]]>
              </value>
            </param>
          </params>
          <reporter-output>
          </reporter-output>
        </test-method> <!-- read -->
        <test-method status="PASS" signature="testData(java.lang.reflect.Method)[pri:0, instance:com.informatica.cci.direct.CCIRuntimeReaderAllExpr@78d6692f]" test-instance-name="read (CCTFCTFRead)" name="testData" is-config="true" duration-ms="0" started-at="2023-07-05T13:12:28Z" finished-at="2023-07-05T13:12:28Z">
          <params>
            <param index="0">
              <value>
                <![CDATA[public void com.informatica.cci.direct.CCIRuntimeReaderAllExpr.read(org.testng.ITestContext)]]>
              </value>
            </param>
          </params>
          <reporter-output>
          </reporter-output>
        </test-method> <!-- testData -->
      </class> <!-- com.informatica.cci.direct.CCIRuntimeReaderAllExpr -->
    </test> <!-- platformFilter_implicitJoin -->
    <test name="nativeFilter_sort" duration-ms="56" started-at="2023-07-05T10:12:31Z" finished-at="2023-07-05T10:12:31Z">
      <class name="com.informatica.cci.direct.CCIRuntimeReaderAllExpr">
        <test-method status="PASS" signature="read(org.testng.ITestContext)[pri:0, instance:com.informatica.cci.direct.CCIRuntimeReaderAllExpr@7582ff54]" test-instance-name="read (CCTFCTFRead)" name="read" duration-ms="56" started-at="2023-07-05T13:12:31Z" finished-at="2023-07-05T13:12:31Z">
          <params>
            <param index="0">
              <value>
                <![CDATA[org.testng.TestRunner@152a41ab]]>
              </value>
            </param>
          </params>
          <reporter-output>
          </reporter-output>
        </test-method> <!-- read -->
        <test-method status="PASS" signature="testData(java.lang.reflect.Method)[pri:0, instance:com.informatica.cci.direct.CCIRuntimeReaderAllExpr@7582ff54]" test-instance-name="read (CCTFCTFRead)" name="testData" is-config="true" duration-ms="0" started-at="2023-07-05T13:12:31Z" finished-at="2023-07-05T13:12:31Z">
          <params>
            <param index="0">
              <value>
                <![CDATA[public void com.informatica.cci.direct.CCIRuntimeReaderAllExpr.read(org.testng.ITestContext)]]>
              </value>
            </param>
          </params>
          <reporter-output>
          </reporter-output>
        </test-method> <!-- testData -->
      </class> <!-- com.informatica.cci.direct.CCIRuntimeReaderAllExpr -->
    </test> <!-- nativeFilter_sort -->
    <test name="platformFilter_sort" duration-ms="1591" started-at="2023-07-05T10:12:31Z" finished-at="2023-07-05T10:12:33Z">
      <class name="com.informatica.cci.direct.CCIRuntimeReaderAllExpr">
        <test-method status="PASS" signature="read(org.testng.ITestContext)[pri:0, instance:com.informatica.cci.direct.CCIRuntimeReaderAllExpr@146dfe6]" test-instance-name="read (CCTFCTFRead)" name="read" duration-ms="1590" started-at="2023-07-05T13:12:31Z" finished-at="2023-07-05T13:12:33Z">
          <params>
            <param index="0">
              <value>
                <![CDATA[org.testng.TestRunner@60f3813e]]>
              </value>
            </param>
          </params>
          <reporter-output>
          </reporter-output>
        </test-method> <!-- read -->
        <test-method status="PASS" signature="testData(java.lang.reflect.Method)[pri:0, instance:com.informatica.cci.direct.CCIRuntimeReaderAllExpr@146dfe6]" test-instance-name="read (CCTFCTFRead)" name="testData" is-config="true" duration-ms="0" started-at="2023-07-05T13:12:31Z" finished-at="2023-07-05T13:12:31Z">
          <params>
            <param index="0">
              <value>
                <![CDATA[public void com.informatica.cci.direct.CCIRuntimeReaderAllExpr.read(org.testng.ITestContext)]]>
              </value>
            </param>
          </params>
          <reporter-output>
          </reporter-output>
        </test-method> <!-- testData -->
      </class> <!-- com.informatica.cci.direct.CCIRuntimeReaderAllExpr -->
    </test> <!-- platformFilter_sort -->
    <test name="nativeJoin_sort" duration-ms="1740" started-at="2023-07-05T10:12:33Z" finished-at="2023-07-05T10:12:35Z">
      <class name="com.informatica.cci.direct.CCIRuntimeReaderAllExpr">
        <test-method status="PASS" signature="testData(java.lang.reflect.Method)[pri:0, instance:com.informatica.cci.direct.CCIRuntimeReaderAllExpr@7efaad5a]" test-instance-name="read (CCTFCTFRead)" name="testData" is-config="true" duration-ms="0" started-at="2023-07-05T13:12:33Z" finished-at="2023-07-05T13:12:33Z">
          <params>
            <param index="0">
              <value>
                <![CDATA[public void com.informatica.cci.direct.CCIRuntimeReaderAllExpr.read(org.testng.ITestContext)]]>
              </value>
            </param>
          </params>
          <reporter-output>
          </reporter-output>
        </test-method> <!-- testData -->
        <test-method status="PASS" signature="read(org.testng.ITestContext)[pri:0, instance:com.informatica.cci.direct.CCIRuntimeReaderAllExpr@7efaad5a]" test-instance-name="read (CCTFCTFRead)" name="read" duration-ms="1740" started-at="2023-07-05T13:12:33Z" finished-at="2023-07-05T13:12:35Z">
          <params>
            <param index="0">
              <value>
                <![CDATA[org.testng.TestRunner@295692fd]]>
              </value>
            </param>
          </params>
          <reporter-output>
          </reporter-output>
        </test-method> <!-- read -->
      </class> <!-- com.informatica.cci.direct.CCIRuntimeReaderAllExpr -->
    </test> <!-- nativeJoin_sort -->
    <test name="platformJoin_sort" duration-ms="1493" started-at="2023-07-05T10:12:35Z" finished-at="2023-07-05T10:12:36Z">
      <class name="com.informatica.cci.direct.CCIRuntimeReaderAllExpr">
        <test-method status="PASS" signature="read(org.testng.ITestContext)[pri:0, instance:com.informatica.cci.direct.CCIRuntimeReaderAllExpr@73cd37c0]" test-instance-name="read (CCTFCTFRead)" name="read" duration-ms="1493" started-at="2023-07-05T13:12:35Z" finished-at="2023-07-05T13:12:36Z">
          <params>
            <param index="0">
              <value>
                <![CDATA[org.testng.TestRunner@7a4729e6]]>
              </value>
            </param>
          </params>
          <reporter-output>
          </reporter-output>
        </test-method> <!-- read -->
        <test-method status="PASS" signature="testData(java.lang.reflect.Method)[pri:0, instance:com.informatica.cci.direct.CCIRuntimeReaderAllExpr@73cd37c0]" test-instance-name="read (CCTFCTFRead)" name="testData" is-config="true" duration-ms="0" started-at="2023-07-05T13:12:35Z" finished-at="2023-07-05T13:12:35Z">
          <params>
            <param index="0">
              <value>
                <![CDATA[public void com.informatica.cci.direct.CCIRuntimeReaderAllExpr.read(org.testng.ITestContext)]]>
              </value>
            </param>
          </params>
          <reporter-output>
          </reporter-output>
        </test-method> <!-- testData -->
      </class> <!-- com.informatica.cci.direct.CCIRuntimeReaderAllExpr -->
    </test> <!-- platformJoin_sort -->
  </suite> <!-- SingleStore -->
</testng-results>
